{"/Users/Goku/Desktop/Code/Personal-Library/ECE493/ECE493proj/frontend/src/App.tsx": {"path":"/Users/Goku/Desktop/Code/Personal-Library/ECE493/ECE493proj/frontend/src/App.tsx","all":false,"statementMap":{"0":{"start":{"line":1,"column":0},"end":{"line":1,"column":44}},"2":{"start":{"line":3,"column":0},"end":{"line":3,"column":61}},"3":{"start":{"line":4,"column":0},"end":{"line":4,"column":57}},"4":{"start":{"line":5,"column":0},"end":{"line":5,"column":49}},"8":{"start":{"line":9,"column":0},"end":{"line":9,"column":31}},"9":{"start":{"line":10,"column":0},"end":{"line":10,"column":73}},"11":{"start":{"line":12,"column":0},"end":{"line":12,"column":19}},"12":{"start":{"line":13,"column":0},"end":{"line":13,"column":22}},"14":{"start":{"line":15,"column":0},"end":{"line":15,"column":15}},"15":{"start":{"line":16,"column":0},"end":{"line":16,"column":19}},"16":{"start":{"line":17,"column":0},"end":{"line":17,"column":21}},"17":{"start":{"line":18,"column":0},"end":{"line":18,"column":31}},"18":{"start":{"line":19,"column":0},"end":{"line":19,"column":9}},"19":{"start":{"line":20,"column":0},"end":{"line":20,"column":8}},"20":{"start":{"line":21,"column":0},"end":{"line":21,"column":20}},"21":{"start":{"line":22,"column":0},"end":{"line":22,"column":21}},"22":{"start":{"line":23,"column":0},"end":{"line":23,"column":34}},"23":{"start":{"line":24,"column":0},"end":{"line":24,"column":9}},"24":{"start":{"line":25,"column":0},"end":{"line":25,"column":9}},"26":{"start":{"line":27,"column":0},"end":{"line":27,"column":18}},"27":{"start":{"line":28,"column":0},"end":{"line":28,"column":21}},"28":{"start":{"line":29,"column":0},"end":{"line":29,"column":6}},"29":{"start":{"line":30,"column":0},"end":{"line":30,"column":9}},"31":{"start":{"line":32,"column":0},"end":{"line":32,"column":10}},"32":{"start":{"line":33,"column":0},"end":{"line":33,"column":32}},"33":{"start":{"line":34,"column":0},"end":{"line":34,"column":39}},"34":{"start":{"line":35,"column":0},"end":{"line":35,"column":52}},"35":{"start":{"line":36,"column":0},"end":{"line":36,"column":36}},"36":{"start":{"line":37,"column":0},"end":{"line":37,"column":69}},"37":{"start":{"line":38,"column":0},"end":{"line":38,"column":63}},"38":{"start":{"line":39,"column":0},"end":{"line":39,"column":16}},"39":{"start":{"line":40,"column":0},"end":{"line":40,"column":24}},"40":{"start":{"line":41,"column":0},"end":{"line":41,"column":26}},"41":{"start":{"line":42,"column":0},"end":{"line":42,"column":11}},"43":{"start":{"line":44,"column":0},"end":{"line":44,"column":1}}},"s":{"0":1,"2":1,"3":1,"4":1,"8":5,"9":5,"11":5,"12":3,"14":3,"15":3,"16":1,"17":1,"18":1,"19":3,"20":3,"21":1,"22":1,"23":1,"24":3,"26":3,"27":1,"28":1,"29":5,"31":5,"32":5,"33":5,"34":5,"35":5,"36":5,"37":5,"38":5,"39":5,"40":5,"41":5,"43":5},"branchMap":{"0":{"type":"branch","line":9,"loc":{"start":{"line":9,"column":0},"end":{"line":44,"column":1}},"locations":[{"start":{"line":9,"column":0},"end":{"line":44,"column":1}}]},"1":{"type":"branch","line":12,"loc":{"start":{"line":12,"column":12},"end":{"line":30,"column":5}},"locations":[{"start":{"line":12,"column":12},"end":{"line":30,"column":5}}]},"2":{"type":"branch","line":16,"loc":{"start":{"line":16,"column":12},"end":{"line":20,"column":7}},"locations":[{"start":{"line":16,"column":12},"end":{"line":20,"column":7}}]},"3":{"type":"branch","line":21,"loc":{"start":{"line":21,"column":13},"end":{"line":25,"column":7}},"locations":[{"start":{"line":21,"column":13},"end":{"line":25,"column":7}}]},"4":{"type":"branch","line":27,"loc":{"start":{"line":27,"column":11},"end":{"line":29,"column":6}},"locations":[{"start":{"line":27,"column":11},"end":{"line":29,"column":6}}]}},"b":{"0":[5],"1":[3],"2":[1],"3":[1],"4":[1]},"fnMap":{"0":{"name":"App","decl":{"start":{"line":9,"column":0},"end":{"line":44,"column":1}},"loc":{"start":{"line":9,"column":0},"end":{"line":44,"column":1}},"line":9}},"f":{"0":5}}
,"/Users/Goku/Desktop/Code/Personal-Library/ECE493/ECE493proj/frontend/src/main.tsx": {"path":"/Users/Goku/Desktop/Code/Personal-Library/ECE493/ECE493proj/frontend/src/main.tsx","all":false,"statementMap":{"0":{"start":{"line":1,"column":0},"end":{"line":1,"column":26}},"1":{"start":{"line":2,"column":0},"end":{"line":2,"column":40}},"3":{"start":{"line":4,"column":0},"end":{"line":4,"column":24}},"4":{"start":{"line":5,"column":0},"end":{"line":5,"column":22}},"6":{"start":{"line":7,"column":0},"end":{"line":7,"column":61}},"7":{"start":{"line":8,"column":0},"end":{"line":8,"column":20}},"8":{"start":{"line":9,"column":0},"end":{"line":9,"column":11}},"9":{"start":{"line":10,"column":0},"end":{"line":10,"column":22}},"10":{"start":{"line":11,"column":0},"end":{"line":11,"column":2}}},"s":{"0":1,"1":1,"3":1,"4":1,"6":1,"7":1,"8":1,"9":1,"10":1},"branchMap":{},"b":{},"fnMap":{},"f":{}}
,"/Users/Goku/Desktop/Code/Personal-Library/ECE493/ECE493proj/frontend/src/components/BlendControls.tsx": {"path":"/Users/Goku/Desktop/Code/Personal-Library/ECE493/ECE493proj/frontend/src/components/BlendControls.tsx","all":false,"statementMap":{"7":{"start":{"line":8,"column":0},"end":{"line":8,"column":39}},"8":{"start":{"line":9,"column":0},"end":{"line":9,"column":15}},"9":{"start":{"line":10,"column":0},"end":{"line":10,"column":23}},"10":{"start":{"line":11,"column":0},"end":{"line":11,"column":11}},"11":{"start":{"line":12,"column":0},"end":{"line":12,"column":24}},"12":{"start":{"line":13,"column":0},"end":{"line":13,"column":56}},"13":{"start":{"line":14,"column":0},"end":{"line":14,"column":40}},"14":{"start":{"line":15,"column":0},"end":{"line":15,"column":29}},"15":{"start":{"line":16,"column":0},"end":{"line":16,"column":36}},"16":{"start":{"line":17,"column":0},"end":{"line":17,"column":3}},"18":{"start":{"line":19,"column":0},"end":{"line":19,"column":10}},"19":{"start":{"line":20,"column":0},"end":{"line":20,"column":37}},"20":{"start":{"line":21,"column":0},"end":{"line":21,"column":38}},"21":{"start":{"line":22,"column":0},"end":{"line":22,"column":31}},"22":{"start":{"line":23,"column":0},"end":{"line":23,"column":55}},"23":{"start":{"line":24,"column":0},"end":{"line":24,"column":27}},"24":{"start":{"line":25,"column":0},"end":{"line":25,"column":40}},"25":{"start":{"line":26,"column":0},"end":{"line":26,"column":16}},"26":{"start":{"line":27,"column":0},"end":{"line":27,"column":24}},"27":{"start":{"line":28,"column":0},"end":{"line":28,"column":19}},"28":{"start":{"line":29,"column":0},"end":{"line":29,"column":21}},"29":{"start":{"line":30,"column":0},"end":{"line":30,"column":39}},"30":{"start":{"line":31,"column":0},"end":{"line":31,"column":82}},"31":{"start":{"line":32,"column":0},"end":{"line":32,"column":12}},"32":{"start":{"line":33,"column":0},"end":{"line":33,"column":16}},"33":{"start":{"line":34,"column":0},"end":{"line":34,"column":9}},"34":{"start":{"line":35,"column":0},"end":{"line":35,"column":10}},"35":{"start":{"line":36,"column":0},"end":{"line":36,"column":33}},"36":{"start":{"line":37,"column":0},"end":{"line":37,"column":16}},"37":{"start":{"line":38,"column":0},"end":{"line":38,"column":93}},"38":{"start":{"line":39,"column":0},"end":{"line":39,"column":10}},"39":{"start":{"line":40,"column":0},"end":{"line":40,"column":8}},"40":{"start":{"line":41,"column":0},"end":{"line":41,"column":31}},"41":{"start":{"line":42,"column":0},"end":{"line":42,"column":49}},"43":{"start":{"line":44,"column":0},"end":{"line":44,"column":17}},"44":{"start":{"line":45,"column":0},"end":{"line":45,"column":12}},"45":{"start":{"line":46,"column":0},"end":{"line":46,"column":14}},"47":{"start":{"line":48,"column":0},"end":{"line":48,"column":1}}},"s":{"7":3,"8":3,"9":3,"10":3,"11":3,"12":3,"13":1,"14":1,"15":1,"16":1,"18":3,"19":3,"20":3,"21":3,"22":3,"23":9,"24":9,"25":9,"26":9,"27":9,"28":9,"29":9,"30":9,"31":9,"32":9,"33":3,"34":3,"35":3,"36":3,"37":3,"38":3,"39":3,"40":3,"41":3,"43":3,"44":3,"45":3,"47":3},"branchMap":{"0":{"type":"branch","line":8,"loc":{"start":{"line":8,"column":0},"end":{"line":48,"column":1}},"locations":[{"start":{"line":8,"column":0},"end":{"line":48,"column":1}}]},"1":{"type":"branch","line":13,"loc":{"start":{"line":13,"column":2},"end":{"line":17,"column":3}},"locations":[{"start":{"line":13,"column":2},"end":{"line":17,"column":3}}]},"2":{"type":"branch","line":23,"loc":{"start":{"line":23,"column":36},"end":{"line":33,"column":16}},"locations":[{"start":{"line":23,"column":36},"end":{"line":33,"column":16}}]},"3":{"type":"branch","line":31,"loc":{"start":{"line":31,"column":22},"end":{"line":31,"column":82}},"locations":[{"start":{"line":31,"column":22},"end":{"line":31,"column":82}}]}},"b":{"0":[3],"1":[1],"2":[9],"3":[1]},"fnMap":{"0":{"name":"BlendControls","decl":{"start":{"line":8,"column":0},"end":{"line":48,"column":1}},"loc":{"start":{"line":8,"column":0},"end":{"line":48,"column":1}},"line":8},"1":{"name":"updateChannel","decl":{"start":{"line":13,"column":2},"end":{"line":17,"column":3}},"loc":{"start":{"line":13,"column":2},"end":{"line":17,"column":3}},"line":13},"2":{"name":"onChange","decl":{"start":{"line":31,"column":22},"end":{"line":31,"column":82}},"loc":{"start":{"line":31,"column":22},"end":{"line":31,"column":82}},"line":31}},"f":{"0":3,"1":1,"2":1}}
,"/Users/Goku/Desktop/Code/Personal-Library/ECE493/ECE493proj/frontend/src/components/EntryPanel.tsx": {"path":"/Users/Goku/Desktop/Code/Personal-Library/ECE493/ECE493proj/frontend/src/components/EntryPanel.tsx","all":false,"statementMap":{"15":{"start":{"line":16,"column":0},"end":{"line":16,"column":36}},"16":{"start":{"line":17,"column":0},"end":{"line":17,"column":10}},"17":{"start":{"line":18,"column":0},"end":{"line":18,"column":12}},"18":{"start":{"line":19,"column":0},"end":{"line":19,"column":15}},"19":{"start":{"line":20,"column":0},"end":{"line":20,"column":15}},"20":{"start":{"line":21,"column":0},"end":{"line":21,"column":19}},"21":{"start":{"line":22,"column":0},"end":{"line":22,"column":27}},"22":{"start":{"line":23,"column":0},"end":{"line":23,"column":15}},"23":{"start":{"line":24,"column":0},"end":{"line":24,"column":16}},"24":{"start":{"line":25,"column":0},"end":{"line":25,"column":11}},"25":{"start":{"line":26,"column":0},"end":{"line":26,"column":15}},"26":{"start":{"line":27,"column":0},"end":{"line":27,"column":21}},"27":{"start":{"line":28,"column":0},"end":{"line":28,"column":19}},"28":{"start":{"line":29,"column":0},"end":{"line":29,"column":36}},"29":{"start":{"line":30,"column":0},"end":{"line":30,"column":23}},"30":{"start":{"line":31,"column":0},"end":{"line":31,"column":38}},"31":{"start":{"line":32,"column":0},"end":{"line":32,"column":23}},"32":{"start":{"line":33,"column":0},"end":{"line":33,"column":17}},"34":{"start":{"line":35,"column":0},"end":{"line":35,"column":10}},"35":{"start":{"line":36,"column":0},"end":{"line":36,"column":37}},"36":{"start":{"line":37,"column":0},"end":{"line":37,"column":43}},"37":{"start":{"line":38,"column":0},"end":{"line":38,"column":42}},"38":{"start":{"line":39,"column":0},"end":{"line":39,"column":63}},"39":{"start":{"line":40,"column":0},"end":{"line":40,"column":64}},"41":{"start":{"line":42,"column":0},"end":{"line":42,"column":18}},"42":{"start":{"line":43,"column":0},"end":{"line":43,"column":10}},"43":{"start":{"line":44,"column":0},"end":{"line":44,"column":59}},"44":{"start":{"line":45,"column":0},"end":{"line":45,"column":17}},"46":{"start":{"line":47,"column":0},"end":{"line":47,"column":18}},"47":{"start":{"line":48,"column":0},"end":{"line":48,"column":38}},"48":{"start":{"line":49,"column":0},"end":{"line":49,"column":80}},"49":{"start":{"line":50,"column":0},"end":{"line":50,"column":14}},"50":{"start":{"line":51,"column":0},"end":{"line":51,"column":18}},"51":{"start":{"line":52,"column":0},"end":{"line":52,"column":35}},"52":{"start":{"line":53,"column":0},"end":{"line":53,"column":58}},"54":{"start":{"line":55,"column":0},"end":{"line":55,"column":21}},"55":{"start":{"line":56,"column":0},"end":{"line":56,"column":53}},"57":{"start":{"line":58,"column":0},"end":{"line":58,"column":21}},"58":{"start":{"line":59,"column":0},"end":{"line":59,"column":16}},"59":{"start":{"line":60,"column":0},"end":{"line":60,"column":38}},"60":{"start":{"line":61,"column":0},"end":{"line":61,"column":45}},"61":{"start":{"line":62,"column":0},"end":{"line":62,"column":80}},"63":{"start":{"line":64,"column":0},"end":{"line":64,"column":21}},"64":{"start":{"line":65,"column":0},"end":{"line":65,"column":78}},"66":{"start":{"line":67,"column":0},"end":{"line":67,"column":21}},"67":{"start":{"line":68,"column":0},"end":{"line":68,"column":16}},"68":{"start":{"line":69,"column":0},"end":{"line":69,"column":43}},"69":{"start":{"line":70,"column":0},"end":{"line":70,"column":11}},"71":{"start":{"line":72,"column":0},"end":{"line":72,"column":33}},"72":{"start":{"line":73,"column":0},"end":{"line":73,"column":55}},"74":{"start":{"line":75,"column":0},"end":{"line":75,"column":19}},"75":{"start":{"line":76,"column":0},"end":{"line":76,"column":14}},"77":{"start":{"line":78,"column":0},"end":{"line":78,"column":14}},"79":{"start":{"line":80,"column":0},"end":{"line":80,"column":1}}},"s":{"15":19,"16":19,"17":19,"18":19,"19":19,"20":19,"21":19,"22":19,"23":19,"24":19,"25":19,"26":19,"27":19,"28":19,"29":1,"30":18,"31":4,"32":14,"34":19,"35":19,"36":19,"37":19,"38":19,"39":19,"41":19,"42":10,"43":10,"44":10,"46":10,"47":10,"48":10,"49":10,"50":10,"51":10,"52":10,"54":10,"55":10,"57":10,"58":10,"59":10,"60":10,"61":10,"63":10,"64":10,"66":10,"67":10,"68":10,"69":10,"71":9,"72":9,"74":9,"75":9,"77":19,"79":19},"branchMap":{"0":{"type":"branch","line":16,"loc":{"start":{"line":16,"column":0},"end":{"line":80,"column":1}},"locations":[{"start":{"line":16,"column":0},"end":{"line":80,"column":1}}]},"1":{"type":"branch","line":29,"loc":{"start":{"line":29,"column":21},"end":{"line":30,"column":23}},"locations":[{"start":{"line":29,"column":21},"end":{"line":30,"column":23}}]},"2":{"type":"branch","line":30,"loc":{"start":{"line":30,"column":8},"end":{"line":33,"column":17}},"locations":[{"start":{"line":30,"column":8},"end":{"line":33,"column":17}}]},"3":{"type":"branch","line":31,"loc":{"start":{"line":31,"column":25},"end":{"line":32,"column":23}},"locations":[{"start":{"line":31,"column":25},"end":{"line":32,"column":23}}]},"4":{"type":"branch","line":32,"loc":{"start":{"line":32,"column":10},"end":{"line":33,"column":17}},"locations":[{"start":{"line":32,"column":10},"end":{"line":33,"column":17}}]},"5":{"type":"branch","line":40,"loc":{"start":{"line":40,"column":7},"end":{"line":40,"column":59}},"locations":[{"start":{"line":40,"column":7},"end":{"line":40,"column":59}}]},"6":{"type":"branch","line":40,"loc":{"start":{"line":40,"column":52},"end":{"line":40,"column":64}},"locations":[{"start":{"line":40,"column":52},"end":{"line":40,"column":64}}]},"7":{"type":"branch","line":42,"loc":{"start":{"line":42,"column":7},"end":{"line":70,"column":11}},"locations":[{"start":{"line":42,"column":7},"end":{"line":70,"column":11}}]},"8":{"type":"branch","line":70,"loc":{"start":{"line":70,"column":8},"end":{"line":76,"column":14}},"locations":[{"start":{"line":70,"column":8},"end":{"line":76,"column":14}}]},"9":{"type":"branch","line":49,"loc":{"start":{"line":49,"column":24},"end":{"line":49,"column":80}},"locations":[{"start":{"line":49,"column":24},"end":{"line":49,"column":80}}]},"10":{"type":"branch","line":62,"loc":{"start":{"line":62,"column":43},"end":{"line":62,"column":80}},"locations":[{"start":{"line":62,"column":43},"end":{"line":62,"column":80}}]},"11":{"type":"branch","line":65,"loc":{"start":{"line":65,"column":43},"end":{"line":65,"column":78}},"locations":[{"start":{"line":65,"column":43},"end":{"line":65,"column":78}}]}},"b":{"0":[19],"1":[1],"2":[18],"3":[4],"4":[14],"5":[1],"6":[18],"7":[10],"8":[9],"9":[2],"10":[1],"11":[1]},"fnMap":{"0":{"name":"EntryPanel","decl":{"start":{"line":16,"column":0},"end":{"line":80,"column":1}},"loc":{"start":{"line":16,"column":0},"end":{"line":80,"column":1}},"line":16},"1":{"name":"onChange","decl":{"start":{"line":49,"column":24},"end":{"line":49,"column":80}},"loc":{"start":{"line":49,"column":24},"end":{"line":49,"column":80}},"line":49},"2":{"name":"onClick","decl":{"start":{"line":62,"column":43},"end":{"line":62,"column":80}},"loc":{"start":{"line":62,"column":43},"end":{"line":62,"column":80}},"line":62},"3":{"name":"onClick","decl":{"start":{"line":65,"column":43},"end":{"line":65,"column":78}},"loc":{"start":{"line":65,"column":43},"end":{"line":65,"column":78}},"line":65}},"f":{"0":19,"1":2,"2":1,"3":1}}
,"/Users/Goku/Desktop/Code/Personal-Library/ECE493/ECE493proj/frontend/src/components/HistoryPanel.tsx": {"path":"/Users/Goku/Desktop/Code/Personal-Library/ECE493/ECE493proj/frontend/src/components/HistoryPanel.tsx","all":false,"statementMap":{"8":{"start":{"line":9,"column":0},"end":{"line":9,"column":38}},"9":{"start":{"line":10,"column":0},"end":{"line":10,"column":20}},"10":{"start":{"line":11,"column":0},"end":{"line":11,"column":24}},"11":{"start":{"line":12,"column":0},"end":{"line":12,"column":23}},"12":{"start":{"line":13,"column":0},"end":{"line":13,"column":10}},"13":{"start":{"line":14,"column":0},"end":{"line":14,"column":37}},"14":{"start":{"line":15,"column":0},"end":{"line":15,"column":40}},"15":{"start":{"line":16,"column":0},"end":{"line":16,"column":28}},"16":{"start":{"line":17,"column":0},"end":{"line":17,"column":34}},"17":{"start":{"line":18,"column":0},"end":{"line":18,"column":34}},"18":{"start":{"line":19,"column":0},"end":{"line":19,"column":43}},"19":{"start":{"line":20,"column":0},"end":{"line":20,"column":46}},"20":{"start":{"line":21,"column":0},"end":{"line":21,"column":74}},"21":{"start":{"line":22,"column":0},"end":{"line":22,"column":15}},"22":{"start":{"line":23,"column":0},"end":{"line":23,"column":11}},"23":{"start":{"line":24,"column":0},"end":{"line":24,"column":11}},"24":{"start":{"line":25,"column":0},"end":{"line":25,"column":38}},"25":{"start":{"line":26,"column":0},"end":{"line":26,"column":34}},"26":{"start":{"line":27,"column":0},"end":{"line":27,"column":47}},"27":{"start":{"line":28,"column":0},"end":{"line":28,"column":46}},"28":{"start":{"line":29,"column":0},"end":{"line":29,"column":74}},"29":{"start":{"line":30,"column":0},"end":{"line":30,"column":15}},"30":{"start":{"line":31,"column":0},"end":{"line":31,"column":11}},"31":{"start":{"line":32,"column":0},"end":{"line":32,"column":11}},"32":{"start":{"line":33,"column":0},"end":{"line":33,"column":14}},"34":{"start":{"line":35,"column":0},"end":{"line":35,"column":1}}},"s":{"8":9,"9":9,"10":9,"11":9,"12":9,"13":9,"14":9,"15":9,"16":9,"17":9,"18":9,"19":2,"20":2,"21":2,"22":9,"23":9,"24":9,"25":9,"26":9,"27":1,"28":1,"29":1,"30":9,"31":9,"32":9,"34":9},"branchMap":{"0":{"type":"branch","line":9,"loc":{"start":{"line":9,"column":0},"end":{"line":35,"column":1}},"locations":[{"start":{"line":9,"column":0},"end":{"line":35,"column":1}}]},"1":{"type":"branch","line":19,"loc":{"start":{"line":19,"column":31},"end":{"line":22,"column":15}},"locations":[{"start":{"line":19,"column":31},"end":{"line":22,"column":15}}]},"2":{"type":"branch","line":27,"loc":{"start":{"line":27,"column":35},"end":{"line":30,"column":15}},"locations":[{"start":{"line":27,"column":35},"end":{"line":30,"column":15}}]}},"b":{"0":[9],"1":[2],"2":[1]},"fnMap":{"0":{"name":"HistoryPanel","decl":{"start":{"line":9,"column":0},"end":{"line":35,"column":1}},"loc":{"start":{"line":9,"column":0},"end":{"line":35,"column":1}},"line":9}},"f":{"0":9}}
,"/Users/Goku/Desktop/Code/Personal-Library/ECE493/ECE493proj/frontend/src/components/LobbyPanel.tsx": {"path":"/Users/Goku/Desktop/Code/Personal-Library/ECE493/ECE493proj/frontend/src/components/LobbyPanel.tsx","all":false,"statementMap":{"0":{"start":{"line":1,"column":0},"end":{"line":1,"column":34}},"16":{"start":{"line":17,"column":0},"end":{"line":17,"column":36}},"17":{"start":{"line":18,"column":0},"end":{"line":18,"column":10}},"18":{"start":{"line":19,"column":0},"end":{"line":19,"column":7}},"19":{"start":{"line":20,"column":0},"end":{"line":20,"column":14}},"20":{"start":{"line":21,"column":0},"end":{"line":21,"column":15}},"21":{"start":{"line":22,"column":0},"end":{"line":22,"column":22}},"22":{"start":{"line":23,"column":0},"end":{"line":23,"column":15}},"23":{"start":{"line":24,"column":0},"end":{"line":24,"column":13}},"24":{"start":{"line":25,"column":0},"end":{"line":25,"column":14}},"25":{"start":{"line":26,"column":0},"end":{"line":26,"column":18}},"26":{"start":{"line":27,"column":0},"end":{"line":27,"column":21}},"27":{"start":{"line":28,"column":0},"end":{"line":28,"column":10}},"28":{"start":{"line":29,"column":0},"end":{"line":29,"column":37}},"29":{"start":{"line":30,"column":0},"end":{"line":30,"column":38}},"30":{"start":{"line":31,"column":0},"end":{"line":31,"column":31}},"31":{"start":{"line":32,"column":0},"end":{"line":32,"column":56}},"32":{"start":{"line":33,"column":0},"end":{"line":33,"column":64}},"34":{"start":{"line":35,"column":0},"end":{"line":35,"column":15}},"35":{"start":{"line":36,"column":0},"end":{"line":36,"column":10}},"36":{"start":{"line":37,"column":0},"end":{"line":37,"column":39}},"37":{"start":{"line":38,"column":0},"end":{"line":38,"column":47}},"38":{"start":{"line":39,"column":0},"end":{"line":39,"column":45}},"39":{"start":{"line":40,"column":0},"end":{"line":40,"column":38}},"40":{"start":{"line":41,"column":0},"end":{"line":41,"column":43}},"41":{"start":{"line":42,"column":0},"end":{"line":42,"column":48}},"42":{"start":{"line":43,"column":0},"end":{"line":43,"column":43}},"43":{"start":{"line":44,"column":0},"end":{"line":44,"column":79}},"44":{"start":{"line":45,"column":0},"end":{"line":45,"column":19}},"45":{"start":{"line":46,"column":0},"end":{"line":46,"column":15}},"46":{"start":{"line":47,"column":0},"end":{"line":47,"column":15}},"47":{"start":{"line":48,"column":0},"end":{"line":48,"column":35}},"48":{"start":{"line":49,"column":0},"end":{"line":49,"column":60}},"50":{"start":{"line":51,"column":0},"end":{"line":51,"column":21}},"51":{"start":{"line":52,"column":0},"end":{"line":52,"column":56}},"53":{"start":{"line":54,"column":0},"end":{"line":54,"column":21}},"54":{"start":{"line":55,"column":0},"end":{"line":55,"column":16}},"55":{"start":{"line":56,"column":0},"end":{"line":56,"column":11}},"57":{"start":{"line":58,"column":0},"end":{"line":58,"column":17}},"58":{"start":{"line":59,"column":0},"end":{"line":59,"column":35}},"59":{"start":{"line":60,"column":0},"end":{"line":60,"column":51}},"60":{"start":{"line":61,"column":0},"end":{"line":61,"column":37}},"61":{"start":{"line":62,"column":0},"end":{"line":62,"column":33}},"62":{"start":{"line":63,"column":0},"end":{"line":63,"column":10}},"64":{"start":{"line":65,"column":0},"end":{"line":65,"column":14}},"66":{"start":{"line":67,"column":0},"end":{"line":67,"column":1}}},"s":{"0":1,"16":17,"17":17,"18":17,"19":17,"20":17,"21":17,"22":17,"23":17,"24":17,"25":17,"26":17,"27":17,"28":17,"29":17,"30":17,"31":17,"32":17,"34":17,"35":7,"36":7,"37":7,"38":7,"39":7,"40":7,"41":5,"42":5,"43":5,"44":5,"45":7,"46":7,"47":7,"48":7,"50":7,"51":7,"53":7,"54":7,"55":7,"57":10,"58":10,"59":10,"60":10,"61":10,"62":10,"64":17,"66":17},"branchMap":{"0":{"type":"branch","line":17,"loc":{"start":{"line":17,"column":0},"end":{"line":67,"column":1}},"locations":[{"start":{"line":17,"column":0},"end":{"line":67,"column":1}}]},"1":{"type":"branch","line":33,"loc":{"start":{"line":33,"column":7},"end":{"line":33,"column":59}},"locations":[{"start":{"line":33,"column":7},"end":{"line":33,"column":59}}]},"2":{"type":"branch","line":33,"loc":{"start":{"line":33,"column":52},"end":{"line":33,"column":64}},"locations":[{"start":{"line":33,"column":52},"end":{"line":33,"column":64}}]},"3":{"type":"branch","line":35,"loc":{"start":{"line":35,"column":7},"end":{"line":56,"column":11}},"locations":[{"start":{"line":35,"column":7},"end":{"line":56,"column":11}}]},"4":{"type":"branch","line":56,"loc":{"start":{"line":56,"column":8},"end":{"line":63,"column":10}},"locations":[{"start":{"line":56,"column":8},"end":{"line":63,"column":10}}]},"5":{"type":"branch","line":41,"loc":{"start":{"line":41,"column":30},"end":{"line":45,"column":19}},"locations":[{"start":{"line":41,"column":30},"end":{"line":45,"column":19}}]},"6":{"type":"branch","line":44,"loc":{"start":{"line":44,"column":49},"end":{"line":44,"column":76}},"locations":[{"start":{"line":44,"column":49},"end":{"line":44,"column":76}}]},"7":{"type":"branch","line":44,"loc":{"start":{"line":44,"column":64},"end":{"line":44,"column":79}},"locations":[{"start":{"line":44,"column":64},"end":{"line":44,"column":79}}]}},"b":{"0":[17],"1":[4],"2":[13],"3":[7],"4":[10],"5":[5],"6":[4],"7":[1]},"fnMap":{"0":{"name":"LobbyPanel","decl":{"start":{"line":17,"column":0},"end":{"line":67,"column":1}},"loc":{"start":{"line":17,"column":0},"end":{"line":67,"column":1}},"line":17}},"f":{"0":17}}
,"/Users/Goku/Desktop/Code/Personal-Library/ECE493/ECE493proj/frontend/src/components/ResultsPanel.tsx": {"path":"/Users/Goku/Desktop/Code/Personal-Library/ECE493/ECE493proj/frontend/src/components/ResultsPanel.tsx","all":false,"statementMap":{"9":{"start":{"line":10,"column":0},"end":{"line":10,"column":85}},"10":{"start":{"line":11,"column":0},"end":{"line":11,"column":10}},"11":{"start":{"line":12,"column":0},"end":{"line":12,"column":37}},"12":{"start":{"line":13,"column":0},"end":{"line":13,"column":40}},"13":{"start":{"line":14,"column":0},"end":{"line":14,"column":28}},"14":{"start":{"line":15,"column":0},"end":{"line":15,"column":9}},"15":{"start":{"line":16,"column":0},"end":{"line":16,"column":57}},"16":{"start":{"line":17,"column":0},"end":{"line":17,"column":10}},"17":{"start":{"line":18,"column":0},"end":{"line":18,"column":32}},"18":{"start":{"line":19,"column":0},"end":{"line":19,"column":65}},"19":{"start":{"line":20,"column":0},"end":{"line":20,"column":15}},"20":{"start":{"line":21,"column":0},"end":{"line":21,"column":34}},"21":{"start":{"line":22,"column":0},"end":{"line":22,"column":34}},"22":{"start":{"line":23,"column":0},"end":{"line":23,"column":36}},"23":{"start":{"line":24,"column":0},"end":{"line":24,"column":78}},"24":{"start":{"line":25,"column":0},"end":{"line":25,"column":53}},"25":{"start":{"line":26,"column":0},"end":{"line":26,"column":15}},"26":{"start":{"line":27,"column":0},"end":{"line":27,"column":11}},"27":{"start":{"line":28,"column":0},"end":{"line":28,"column":11}},"28":{"start":{"line":29,"column":0},"end":{"line":29,"column":14}},"30":{"start":{"line":31,"column":0},"end":{"line":31,"column":1}}},"s":{"9":5,"10":5,"11":5,"12":5,"13":5,"14":5,"15":5,"16":5,"17":5,"18":1,"19":4,"20":5,"21":5,"22":3,"23":3,"24":3,"25":3,"26":5,"27":5,"28":5,"30":5},"branchMap":{"0":{"type":"branch","line":10,"loc":{"start":{"line":10,"column":0},"end":{"line":31,"column":1}},"locations":[{"start":{"line":10,"column":0},"end":{"line":31,"column":1}}]},"1":{"type":"branch","line":18,"loc":{"start":{"line":18,"column":7},"end":{"line":18,"column":32}},"locations":[{"start":{"line":18,"column":7},"end":{"line":18,"column":32}}]},"2":{"type":"branch","line":18,"loc":{"start":{"line":18,"column":15},"end":{"line":19,"column":65}},"locations":[{"start":{"line":18,"column":15},"end":{"line":19,"column":65}}]},"3":{"type":"branch","line":19,"loc":{"start":{"line":19,"column":61},"end":{"line":20,"column":15}},"locations":[{"start":{"line":19,"column":61},"end":{"line":20,"column":15}}]},"4":{"type":"branch","line":22,"loc":{"start":{"line":22,"column":21},"end":{"line":26,"column":15}},"locations":[{"start":{"line":22,"column":21},"end":{"line":26,"column":15}}]}},"b":{"0":[5],"1":[2],"2":[1],"3":[4],"4":[3]},"fnMap":{"0":{"name":"ResultsPanel","decl":{"start":{"line":10,"column":0},"end":{"line":31,"column":1}},"loc":{"start":{"line":10,"column":0},"end":{"line":31,"column":1}},"line":10}},"f":{"0":5}}
,"/Users/Goku/Desktop/Code/Personal-Library/ECE493/ECE493proj/frontend/src/components/RoomForm.tsx": {"path":"/Users/Goku/Desktop/Code/Personal-Library/ECE493/ECE493proj/frontend/src/components/RoomForm.tsx","all":false,"statementMap":{"8":{"start":{"line":9,"column":0},"end":{"line":9,"column":34}},"9":{"start":{"line":10,"column":0},"end":{"line":10,"column":14}},"10":{"start":{"line":11,"column":0},"end":{"line":11,"column":22}},"11":{"start":{"line":12,"column":0},"end":{"line":12,"column":15}},"12":{"start":{"line":13,"column":0},"end":{"line":13,"column":13}},"13":{"start":{"line":14,"column":0},"end":{"line":14,"column":19}},"14":{"start":{"line":15,"column":0},"end":{"line":15,"column":10}},"15":{"start":{"line":16,"column":0},"end":{"line":16,"column":6}},"16":{"start":{"line":17,"column":0},"end":{"line":17,"column":31}},"17":{"start":{"line":18,"column":0},"end":{"line":18,"column":53}},"19":{"start":{"line":20,"column":0},"end":{"line":20,"column":17}},"20":{"start":{"line":21,"column":0},"end":{"line":21,"column":12}},"21":{"start":{"line":22,"column":0},"end":{"line":22,"column":13}},"23":{"start":{"line":24,"column":0},"end":{"line":24,"column":14}},"24":{"start":{"line":25,"column":0},"end":{"line":25,"column":29}},"25":{"start":{"line":26,"column":0},"end":{"line":26,"column":71}},"26":{"start":{"line":27,"column":0},"end":{"line":27,"column":39}},"27":{"start":{"line":28,"column":0},"end":{"line":28,"column":10}},"28":{"start":{"line":29,"column":0},"end":{"line":29,"column":14}},"29":{"start":{"line":30,"column":0},"end":{"line":30,"column":31}},"30":{"start":{"line":31,"column":0},"end":{"line":31,"column":51}},"32":{"start":{"line":33,"column":0},"end":{"line":33,"column":17}},"33":{"start":{"line":34,"column":0},"end":{"line":34,"column":12}},"34":{"start":{"line":35,"column":0},"end":{"line":35,"column":7}},"36":{"start":{"line":37,"column":0},"end":{"line":37,"column":1}}},"s":{"8":10,"9":10,"10":10,"11":10,"12":10,"13":10,"14":10,"15":10,"16":10,"17":10,"19":10,"20":10,"21":10,"23":10,"24":10,"25":10,"26":10,"27":10,"28":10,"29":10,"30":10,"32":10,"33":10,"34":10,"36":10},"branchMap":{"0":{"type":"branch","line":9,"loc":{"start":{"line":9,"column":0},"end":{"line":37,"column":1}},"locations":[{"start":{"line":9,"column":0},"end":{"line":37,"column":1}}]},"1":{"type":"branch","line":26,"loc":{"start":{"line":26,"column":20},"end":{"line":26,"column":71}},"locations":[{"start":{"line":26,"column":20},"end":{"line":26,"column":71}}]}},"b":{"0":[10],"1":[3]},"fnMap":{"0":{"name":"RoomForm","decl":{"start":{"line":9,"column":0},"end":{"line":37,"column":1}},"loc":{"start":{"line":9,"column":0},"end":{"line":37,"column":1}},"line":9},"1":{"name":"onChange","decl":{"start":{"line":26,"column":20},"end":{"line":26,"column":71}},"loc":{"start":{"line":26,"column":20},"end":{"line":26,"column":71}},"line":26}},"f":{"0":10,"1":3}}
,"/Users/Goku/Desktop/Code/Personal-Library/ECE493/ECE493proj/frontend/src/components/SocialPanel.tsx": {"path":"/Users/Goku/Desktop/Code/Personal-Library/ECE493/ECE493proj/frontend/src/components/SocialPanel.tsx","all":false,"statementMap":{"10":{"start":{"line":11,"column":0},"end":{"line":11,"column":37}},"11":{"start":{"line":12,"column":0},"end":{"line":12,"column":9}},"12":{"start":{"line":13,"column":0},"end":{"line":13,"column":18}},"13":{"start":{"line":14,"column":0},"end":{"line":14,"column":11}},"14":{"start":{"line":15,"column":0},"end":{"line":15,"column":14}},"15":{"start":{"line":16,"column":0},"end":{"line":16,"column":22}},"16":{"start":{"line":17,"column":0},"end":{"line":17,"column":10}},"17":{"start":{"line":18,"column":0},"end":{"line":18,"column":37}},"18":{"start":{"line":19,"column":0},"end":{"line":19,"column":39}},"19":{"start":{"line":20,"column":0},"end":{"line":20,"column":33}},"20":{"start":{"line":21,"column":0},"end":{"line":21,"column":31}},"21":{"start":{"line":22,"column":0},"end":{"line":22,"column":11}},"22":{"start":{"line":23,"column":0},"end":{"line":23,"column":70}},"23":{"start":{"line":24,"column":0},"end":{"line":24,"column":56}},"24":{"start":{"line":25,"column":0},"end":{"line":25,"column":12}},"26":{"start":{"line":27,"column":0},"end":{"line":27,"column":39}},"28":{"start":{"line":29,"column":0},"end":{"line":29,"column":60}},"29":{"start":{"line":30,"column":0},"end":{"line":30,"column":49}},"30":{"start":{"line":31,"column":0},"end":{"line":31,"column":87}},"31":{"start":{"line":32,"column":0},"end":{"line":32,"column":21}},"32":{"start":{"line":33,"column":0},"end":{"line":33,"column":19}},"33":{"start":{"line":34,"column":0},"end":{"line":34,"column":11}},"34":{"start":{"line":35,"column":0},"end":{"line":35,"column":12}},"35":{"start":{"line":36,"column":0},"end":{"line":36,"column":35}},"36":{"start":{"line":37,"column":0},"end":{"line":37,"column":34}},"37":{"start":{"line":38,"column":0},"end":{"line":38,"column":57}},"38":{"start":{"line":39,"column":0},"end":{"line":39,"column":78}},"39":{"start":{"line":40,"column":0},"end":{"line":40,"column":18}},"40":{"start":{"line":41,"column":0},"end":{"line":41,"column":78}},"41":{"start":{"line":42,"column":0},"end":{"line":42,"column":52}},"42":{"start":{"line":43,"column":0},"end":{"line":43,"column":19}},"43":{"start":{"line":44,"column":0},"end":{"line":44,"column":38}},"44":{"start":{"line":45,"column":0},"end":{"line":45,"column":21}},"45":{"start":{"line":46,"column":0},"end":{"line":46,"column":29}},"46":{"start":{"line":47,"column":0},"end":{"line":47,"column":48}},"47":{"start":{"line":48,"column":0},"end":{"line":48,"column":65}},"49":{"start":{"line":50,"column":0},"end":{"line":50,"column":62}},"50":{"start":{"line":51,"column":0},"end":{"line":51,"column":23}},"51":{"start":{"line":52,"column":0},"end":{"line":52,"column":21}},"52":{"start":{"line":53,"column":0},"end":{"line":53,"column":29}},"53":{"start":{"line":54,"column":0},"end":{"line":54,"column":52}},"54":{"start":{"line":55,"column":0},"end":{"line":55,"column":68}},"56":{"start":{"line":57,"column":0},"end":{"line":57,"column":73}},"57":{"start":{"line":58,"column":0},"end":{"line":58,"column":23}},"58":{"start":{"line":59,"column":0},"end":{"line":59,"column":19}},"59":{"start":{"line":60,"column":0},"end":{"line":60,"column":15}},"60":{"start":{"line":61,"column":0},"end":{"line":61,"column":11}},"61":{"start":{"line":62,"column":0},"end":{"line":62,"column":11}},"62":{"start":{"line":63,"column":0},"end":{"line":63,"column":23}},"63":{"start":{"line":64,"column":0},"end":{"line":64,"column":34}},"64":{"start":{"line":65,"column":0},"end":{"line":65,"column":51}},"65":{"start":{"line":66,"column":0},"end":{"line":66,"column":52}},"66":{"start":{"line":67,"column":0},"end":{"line":67,"column":69}},"67":{"start":{"line":68,"column":0},"end":{"line":68,"column":90}},"68":{"start":{"line":69,"column":0},"end":{"line":69,"column":80}},"69":{"start":{"line":70,"column":0},"end":{"line":70,"column":15}},"70":{"start":{"line":71,"column":0},"end":{"line":71,"column":11}},"71":{"start":{"line":72,"column":0},"end":{"line":72,"column":11}},"72":{"start":{"line":73,"column":0},"end":{"line":73,"column":14}},"74":{"start":{"line":75,"column":0},"end":{"line":75,"column":1}}},"s":{"10":26,"11":26,"12":26,"13":26,"14":26,"15":26,"16":26,"17":26,"18":26,"19":26,"20":26,"21":2,"22":2,"23":2,"24":2,"26":24,"28":26,"29":26,"30":11,"31":11,"32":11,"33":26,"34":26,"35":26,"36":26,"37":26,"38":7,"39":7,"40":7,"41":7,"42":7,"43":7,"44":7,"45":7,"46":7,"47":7,"49":7,"50":7,"51":7,"52":7,"53":7,"54":7,"56":7,"57":7,"58":7,"59":7,"60":26,"61":26,"62":26,"63":26,"64":26,"65":5,"66":5,"67":5,"68":5,"69":5,"70":26,"71":26,"72":26,"74":26},"branchMap":{"0":{"type":"branch","line":11,"loc":{"start":{"line":11,"column":0},"end":{"line":75,"column":1}},"locations":[{"start":{"line":11,"column":0},"end":{"line":75,"column":1}}]},"1":{"type":"branch","line":21,"loc":{"start":{"line":21,"column":14},"end":{"line":25,"column":12}},"locations":[{"start":{"line":21,"column":14},"end":{"line":25,"column":12}}]},"2":{"type":"branch","line":25,"loc":{"start":{"line":25,"column":8},"end":{"line":27,"column":39}},"locations":[{"start":{"line":25,"column":8},"end":{"line":27,"column":39}}]},"3":{"type":"branch","line":30,"loc":{"start":{"line":30,"column":35},"end":{"line":33,"column":19}},"locations":[{"start":{"line":30,"column":35},"end":{"line":33,"column":19}}]},"4":{"type":"branch","line":31,"loc":{"start":{"line":31,"column":55},"end":{"line":31,"column":87}},"locations":[{"start":{"line":31,"column":55},"end":{"line":31,"column":87}}]},"5":{"type":"branch","line":38,"loc":{"start":{"line":38,"column":40},"end":{"line":60,"column":15}},"locations":[{"start":{"line":38,"column":40},"end":{"line":60,"column":15}}]},"6":{"type":"branch","line":50,"loc":{"start":{"line":50,"column":28},"end":{"line":50,"column":53}},"locations":[{"start":{"line":50,"column":28},"end":{"line":50,"column":53}}]},"7":{"type":"branch","line":50,"loc":{"start":{"line":50,"column":41},"end":{"line":50,"column":62}},"locations":[{"start":{"line":50,"column":41},"end":{"line":50,"column":62}}]},"8":{"type":"branch","line":57,"loc":{"start":{"line":57,"column":28},"end":{"line":57,"column":61}},"locations":[{"start":{"line":57,"column":28},"end":{"line":57,"column":61}}]},"9":{"type":"branch","line":57,"loc":{"start":{"line":57,"column":45},"end":{"line":57,"column":73}},"locations":[{"start":{"line":57,"column":45},"end":{"line":57,"column":73}}]},"10":{"type":"branch","line":48,"loc":{"start":{"line":48,"column":25},"end":{"line":48,"column":65}},"locations":[{"start":{"line":48,"column":25},"end":{"line":48,"column":65}}]},"11":{"type":"branch","line":55,"loc":{"start":{"line":55,"column":25},"end":{"line":55,"column":68}},"locations":[{"start":{"line":55,"column":25},"end":{"line":55,"column":68}}]},"12":{"type":"branch","line":65,"loc":{"start":{"line":65,"column":33},"end":{"line":70,"column":15}},"locations":[{"start":{"line":65,"column":33},"end":{"line":70,"column":15}}]},"13":{"type":"branch","line":68,"loc":{"start":{"line":68,"column":25},"end":{"line":68,"column":87}},"locations":[{"start":{"line":68,"column":25},"end":{"line":68,"column":87}}]},"14":{"type":"branch","line":68,"loc":{"start":{"line":68,"column":82},"end":{"line":68,"column":90}},"locations":[{"start":{"line":68,"column":82},"end":{"line":68,"column":90}}]},"15":{"type":"branch","line":69,"loc":{"start":{"line":69,"column":25},"end":{"line":69,"column":77}},"locations":[{"start":{"line":69,"column":25},"end":{"line":69,"column":77}}]},"16":{"type":"branch","line":69,"loc":{"start":{"line":69,"column":72},"end":{"line":69,"column":80}},"locations":[{"start":{"line":69,"column":72},"end":{"line":69,"column":80}}]}},"b":{"0":[26],"1":[2],"2":[24],"3":[11],"4":[2],"5":[7],"6":[1],"7":[6],"8":[1],"9":[6],"10":[2],"11":[2],"12":[5],"13":[1],"14":[4],"15":[2],"16":[3]},"fnMap":{"0":{"name":"SocialPanel","decl":{"start":{"line":11,"column":0},"end":{"line":75,"column":1}},"loc":{"start":{"line":11,"column":0},"end":{"line":75,"column":1}},"line":11},"1":{"name":"onClick","decl":{"start":{"line":31,"column":55},"end":{"line":31,"column":87}},"loc":{"start":{"line":31,"column":55},"end":{"line":31,"column":87}},"line":31},"2":{"name":"onClick","decl":{"start":{"line":48,"column":25},"end":{"line":48,"column":65}},"loc":{"start":{"line":48,"column":25},"end":{"line":48,"column":65}},"line":48},"3":{"name":"onClick","decl":{"start":{"line":55,"column":25},"end":{"line":55,"column":68}},"loc":{"start":{"line":55,"column":25},"end":{"line":55,"column":68}},"line":55}},"f":{"0":26,"1":2,"2":2,"3":2}}
,"/Users/Goku/Desktop/Code/Personal-Library/ECE493/ECE493proj/frontend/src/components/TimerDisplay.tsx": {"path":"/Users/Goku/Desktop/Code/Personal-Library/ECE493/ECE493proj/frontend/src/components/TimerDisplay.tsx","all":false,"statementMap":{"5":{"start":{"line":6,"column":0},"end":{"line":6,"column":79}},"6":{"start":{"line":7,"column":0},"end":{"line":7,"column":10}},"7":{"start":{"line":8,"column":0},"end":{"line":8,"column":37}},"8":{"start":{"line":9,"column":0},"end":{"line":9,"column":38}},"9":{"start":{"line":10,"column":0},"end":{"line":10,"column":26}},"10":{"start":{"line":11,"column":0},"end":{"line":11,"column":61}},"11":{"start":{"line":12,"column":0},"end":{"line":12,"column":14}},"13":{"start":{"line":14,"column":0},"end":{"line":14,"column":1}}},"s":{"5":2,"6":2,"7":2,"8":2,"9":2,"10":2,"11":2,"13":2},"branchMap":{"0":{"type":"branch","line":6,"loc":{"start":{"line":6,"column":0},"end":{"line":14,"column":1}},"locations":[{"start":{"line":6,"column":0},"end":{"line":14,"column":1}}]}},"b":{"0":[2]},"fnMap":{"0":{"name":"TimerDisplay","decl":{"start":{"line":6,"column":0},"end":{"line":14,"column":1}},"loc":{"start":{"line":6,"column":0},"end":{"line":14,"column":1}},"line":6}},"f":{"0":2}}
,"/Users/Goku/Desktop/Code/Personal-Library/ECE493/ECE493proj/frontend/src/containers/BlendGameContainer.tsx": {"path":"/Users/Goku/Desktop/Code/Personal-Library/ECE493/ECE493proj/frontend/src/containers/BlendGameContainer.tsx","all":false,"statementMap":{"0":{"start":{"line":1,"column":0},"end":{"line":1,"column":33}},"2":{"start":{"line":3,"column":0},"end":{"line":3,"column":56}},"3":{"start":{"line":4,"column":0},"end":{"line":4,"column":54}},"4":{"start":{"line":5,"column":0},"end":{"line":5,"column":61}},"6":{"start":{"line":7,"column":0},"end":{"line":7,"column":50}},"15":{"start":{"line":16,"column":0},"end":{"line":16,"column":44}},"16":{"start":{"line":17,"column":0},"end":{"line":17,"column":7}},"17":{"start":{"line":18,"column":0},"end":{"line":18,"column":9}},"18":{"start":{"line":19,"column":0},"end":{"line":19,"column":17}},"19":{"start":{"line":20,"column":0},"end":{"line":20,"column":29}},"20":{"start":{"line":21,"column":0},"end":{"line":21,"column":79}},"21":{"start":{"line":22,"column":0},"end":{"line":22,"column":9}},"22":{"start":{"line":23,"column":0},"end":{"line":23,"column":11}},"23":{"start":{"line":24,"column":0},"end":{"line":24,"column":19}},"24":{"start":{"line":25,"column":0},"end":{"line":25,"column":5}},"25":{"start":{"line":26,"column":0},"end":{"line":26,"column":78}},"27":{"start":{"line":28,"column":0},"end":{"line":28,"column":18}},"28":{"start":{"line":29,"column":0},"end":{"line":29,"column":74}},"29":{"start":{"line":30,"column":0},"end":{"line":30,"column":3}},"31":{"start":{"line":32,"column":0},"end":{"line":32,"column":34}},"32":{"start":{"line":33,"column":0},"end":{"line":33,"column":96}},"33":{"start":{"line":34,"column":0},"end":{"line":34,"column":3}},"35":{"start":{"line":36,"column":0},"end":{"line":36,"column":79}},"36":{"start":{"line":37,"column":0},"end":{"line":37,"column":12}},"37":{"start":{"line":38,"column":0},"end":{"line":38,"column":23}},"38":{"start":{"line":39,"column":0},"end":{"line":39,"column":34}},"39":{"start":{"line":40,"column":0},"end":{"line":40,"column":30}},"40":{"start":{"line":41,"column":0},"end":{"line":41,"column":34}},"41":{"start":{"line":42,"column":0},"end":{"line":42,"column":8}},"43":{"start":{"line":44,"column":0},"end":{"line":44,"column":3}},"45":{"start":{"line":46,"column":0},"end":{"line":46,"column":10}},"46":{"start":{"line":47,"column":0},"end":{"line":47,"column":6}},"47":{"start":{"line":48,"column":0},"end":{"line":48,"column":73}},"48":{"start":{"line":49,"column":0},"end":{"line":49,"column":39}},"49":{"start":{"line":50,"column":0},"end":{"line":50,"column":41}},"50":{"start":{"line":51,"column":0},"end":{"line":51,"column":30}},"51":{"start":{"line":52,"column":0},"end":{"line":52,"column":11}},"52":{"start":{"line":53,"column":0},"end":{"line":53,"column":68}},"53":{"start":{"line":54,"column":0},"end":{"line":54,"column":12}},"54":{"start":{"line":55,"column":0},"end":{"line":55,"column":16}},"55":{"start":{"line":56,"column":0},"end":{"line":56,"column":20}},"56":{"start":{"line":57,"column":0},"end":{"line":57,"column":35}},"57":{"start":{"line":58,"column":0},"end":{"line":58,"column":46}},"58":{"start":{"line":59,"column":0},"end":{"line":59,"column":50}},"59":{"start":{"line":60,"column":0},"end":{"line":60,"column":8}},"60":{"start":{"line":61,"column":0},"end":{"line":61,"column":7}},"62":{"start":{"line":63,"column":0},"end":{"line":63,"column":1}}},"s":{"0":1,"2":1,"3":1,"4":1,"6":1,"15":11,"16":11,"17":11,"18":11,"19":11,"20":11,"21":11,"22":11,"23":11,"24":11,"25":11,"27":11,"28":3,"29":3,"31":11,"32":2,"33":2,"35":11,"36":2,"37":2,"38":2,"39":2,"40":2,"41":2,"43":2,"45":4,"46":4,"47":4,"48":4,"49":4,"50":4,"51":4,"52":4,"53":4,"54":4,"55":4,"56":4,"57":4,"58":4,"59":4,"60":4,"62":4},"branchMap":{"0":{"type":"branch","line":16,"loc":{"start":{"line":16,"column":0},"end":{"line":63,"column":1}},"locations":[{"start":{"line":16,"column":0},"end":{"line":63,"column":1}}]},"1":{"type":"branch","line":28,"loc":{"start":{"line":28,"column":17},"end":{"line":30,"column":3}},"locations":[{"start":{"line":28,"column":17},"end":{"line":30,"column":3}}]},"2":{"type":"branch","line":30,"loc":{"start":{"line":30,"column":2},"end":{"line":32,"column":33}},"locations":[{"start":{"line":30,"column":2},"end":{"line":32,"column":33}}]},"3":{"type":"branch","line":30,"loc":{"start":{"line":30,"column":2},"end":{"line":32,"column":22}},"locations":[{"start":{"line":30,"column":2},"end":{"line":32,"column":22}}]},"4":{"type":"branch","line":32,"loc":{"start":{"line":32,"column":6},"end":{"line":32,"column":33}},"locations":[{"start":{"line":32,"column":6},"end":{"line":32,"column":33}}]},"5":{"type":"branch","line":32,"loc":{"start":{"line":32,"column":33},"end":{"line":34,"column":3}},"locations":[{"start":{"line":32,"column":33},"end":{"line":34,"column":3}}]},"6":{"type":"branch","line":33,"loc":{"start":{"line":33,"column":45},"end":{"line":33,"column":85}},"locations":[{"start":{"line":33,"column":45},"end":{"line":33,"column":85}}]},"7":{"type":"branch","line":34,"loc":{"start":{"line":34,"column":2},"end":{"line":36,"column":78}},"locations":[{"start":{"line":34,"column":2},"end":{"line":36,"column":78}}]},"8":{"type":"branch","line":34,"loc":{"start":{"line":34,"column":2},"end":{"line":36,"column":44}},"locations":[{"start":{"line":34,"column":2},"end":{"line":36,"column":44}}]},"9":{"type":"branch","line":36,"loc":{"start":{"line":36,"column":31},"end":{"line":36,"column":78}},"locations":[{"start":{"line":36,"column":31},"end":{"line":36,"column":78}}]},"10":{"type":"branch","line":36,"loc":{"start":{"line":36,"column":78},"end":{"line":63,"column":1}},"locations":[{"start":{"line":36,"column":78},"end":{"line":63,"column":1}}]},"11":{"type":"branch","line":36,"loc":{"start":{"line":36,"column":78},"end":{"line":44,"column":3}},"locations":[{"start":{"line":36,"column":78},"end":{"line":44,"column":3}}]},"12":{"type":"branch","line":44,"loc":{"start":{"line":44,"column":2},"end":{"line":63,"column":1}},"locations":[{"start":{"line":44,"column":2},"end":{"line":63,"column":1}}]},"13":{"type":"branch","line":59,"loc":{"start":{"line":59,"column":18},"end":{"line":59,"column":50}},"locations":[{"start":{"line":59,"column":18},"end":{"line":59,"column":50}}]}},"b":{"0":[11],"1":[3],"2":[9],"3":[8],"4":[7],"5":[2],"6":[1],"7":[10],"8":[6],"9":[4],"10":[5],"11":[2],"12":[4],"13":[1]},"fnMap":{"0":{"name":"BlendGameContainer","decl":{"start":{"line":16,"column":0},"end":{"line":63,"column":1}},"loc":{"start":{"line":16,"column":0},"end":{"line":63,"column":1}},"line":16},"1":{"name":"onSubmit","decl":{"start":{"line":59,"column":18},"end":{"line":59,"column":50}},"loc":{"start":{"line":59,"column":18},"end":{"line":59,"column":50}},"line":59}},"f":{"0":11,"1":1}}
,"/Users/Goku/Desktop/Code/Personal-Library/ECE493/ECE493proj/frontend/src/containers/EntryContainer.tsx": {"path":"/Users/Goku/Desktop/Code/Personal-Library/ECE493/ECE493proj/frontend/src/containers/EntryContainer.tsx","all":false,"statementMap":{"0":{"start":{"line":1,"column":0},"end":{"line":1,"column":44}},"2":{"start":{"line":3,"column":0},"end":{"line":3,"column":54}},"3":{"start":{"line":4,"column":0},"end":{"line":4,"column":50}},"4":{"start":{"line":5,"column":0},"end":{"line":5,"column":46}},"5":{"start":{"line":6,"column":0},"end":{"line":6,"column":61}},"6":{"start":{"line":7,"column":0},"end":{"line":7,"column":59}},"9":{"start":{"line":10,"column":0},"end":{"line":10,"column":42}},"10":{"start":{"line":11,"column":0},"end":{"line":11,"column":87}},"11":{"start":{"line":12,"column":0},"end":{"line":12,"column":22}},"12":{"start":{"line":13,"column":0},"end":{"line":13,"column":61}},"13":{"start":{"line":14,"column":0},"end":{"line":14,"column":63}},"15":{"start":{"line":16,"column":0},"end":{"line":16,"column":19}},"16":{"start":{"line":17,"column":0},"end":{"line":17,"column":59}},"17":{"start":{"line":18,"column":0},"end":{"line":18,"column":16}},"19":{"start":{"line":20,"column":0},"end":{"line":20,"column":37}},"20":{"start":{"line":21,"column":0},"end":{"line":21,"column":25}},"21":{"start":{"line":22,"column":0},"end":{"line":22,"column":3}},"23":{"start":{"line":24,"column":0},"end":{"line":24,"column":38}},"24":{"start":{"line":25,"column":0},"end":{"line":25,"column":35}},"25":{"start":{"line":26,"column":0},"end":{"line":26,"column":13}},"26":{"start":{"line":27,"column":0},"end":{"line":27,"column":5}},"27":{"start":{"line":28,"column":0},"end":{"line":28,"column":40}},"28":{"start":{"line":29,"column":0},"end":{"line":29,"column":3}},"30":{"start":{"line":31,"column":0},"end":{"line":31,"column":33}},"31":{"start":{"line":32,"column":0},"end":{"line":32,"column":25}},"32":{"start":{"line":33,"column":0},"end":{"line":33,"column":16}},"33":{"start":{"line":34,"column":0},"end":{"line":34,"column":3}},"35":{"start":{"line":36,"column":0},"end":{"line":36,"column":10}},"36":{"start":{"line":37,"column":0},"end":{"line":37,"column":6}},"37":{"start":{"line":38,"column":0},"end":{"line":38,"column":17}},"38":{"start":{"line":39,"column":0},"end":{"line":39,"column":25}},"39":{"start":{"line":40,"column":0},"end":{"line":40,"column":29}},"40":{"start":{"line":41,"column":0},"end":{"line":41,"column":35}},"41":{"start":{"line":42,"column":0},"end":{"line":42,"column":27}},"42":{"start":{"line":43,"column":0},"end":{"line":43,"column":43}},"43":{"start":{"line":44,"column":0},"end":{"line":44,"column":54}},"44":{"start":{"line":45,"column":0},"end":{"line":45,"column":39}},"45":{"start":{"line":46,"column":0},"end":{"line":46,"column":41}},"46":{"start":{"line":47,"column":0},"end":{"line":47,"column":31}},"47":{"start":{"line":48,"column":0},"end":{"line":48,"column":33}},"48":{"start":{"line":49,"column":0},"end":{"line":49,"column":8}},"49":{"start":{"line":50,"column":0},"end":{"line":50,"column":96}},"50":{"start":{"line":51,"column":0},"end":{"line":51,"column":87}},"51":{"start":{"line":52,"column":0},"end":{"line":52,"column":7}},"53":{"start":{"line":54,"column":0},"end":{"line":54,"column":1}}},"s":{"0":1,"2":1,"3":1,"4":1,"5":1,"6":1,"9":19,"10":19,"11":19,"12":19,"13":19,"15":19,"16":7,"17":19,"19":19,"20":2,"21":2,"23":19,"24":2,"25":1,"26":1,"27":1,"28":2,"30":19,"31":1,"32":1,"33":1,"35":19,"36":19,"37":19,"38":19,"39":19,"40":19,"41":19,"42":19,"43":19,"44":19,"45":19,"46":19,"47":19,"48":19,"49":19,"50":19,"51":19,"53":19},"branchMap":{"0":{"type":"branch","line":10,"loc":{"start":{"line":10,"column":0},"end":{"line":54,"column":1}},"locations":[{"start":{"line":10,"column":0},"end":{"line":54,"column":1}}]},"1":{"type":"branch","line":50,"loc":{"start":{"line":50,"column":7},"end":{"line":50,"column":45}},"locations":[{"start":{"line":50,"column":7},"end":{"line":50,"column":45}}]},"2":{"type":"branch","line":50,"loc":{"start":{"line":50,"column":27},"end":{"line":50,"column":91}},"locations":[{"start":{"line":50,"column":27},"end":{"line":50,"column":91}}]},"3":{"type":"branch","line":50,"loc":{"start":{"line":50,"column":86},"end":{"line":50,"column":96}},"locations":[{"start":{"line":50,"column":86},"end":{"line":50,"column":96}}]},"4":{"type":"branch","line":51,"loc":{"start":{"line":51,"column":7},"end":{"line":51,"column":43}},"locations":[{"start":{"line":51,"column":7},"end":{"line":51,"column":43}}]},"5":{"type":"branch","line":51,"loc":{"start":{"line":51,"column":27},"end":{"line":51,"column":82}},"locations":[{"start":{"line":51,"column":27},"end":{"line":51,"column":82}}]},"6":{"type":"branch","line":51,"loc":{"start":{"line":51,"column":77},"end":{"line":51,"column":87}},"locations":[{"start":{"line":51,"column":77},"end":{"line":51,"column":87}}]},"7":{"type":"branch","line":16,"loc":{"start":{"line":16,"column":12},"end":{"line":18,"column":5}},"locations":[{"start":{"line":16,"column":12},"end":{"line":18,"column":5}}]},"8":{"type":"branch","line":17,"loc":{"start":{"line":17,"column":24},"end":{"line":17,"column":40}},"locations":[{"start":{"line":17,"column":24},"end":{"line":17,"column":40}}]},"9":{"type":"branch","line":17,"loc":{"start":{"line":17,"column":40},"end":{"line":17,"column":57}},"locations":[{"start":{"line":17,"column":40},"end":{"line":17,"column":57}}]},"10":{"type":"branch","line":20,"loc":{"start":{"line":20,"column":2},"end":{"line":22,"column":3}},"locations":[{"start":{"line":20,"column":2},"end":{"line":22,"column":3}}]},"11":{"type":"branch","line":24,"loc":{"start":{"line":24,"column":2},"end":{"line":29,"column":3}},"locations":[{"start":{"line":24,"column":2},"end":{"line":29,"column":3}}]},"12":{"type":"branch","line":25,"loc":{"start":{"line":25,"column":34},"end":{"line":28,"column":40}},"locations":[{"start":{"line":25,"column":34},"end":{"line":28,"column":40}}]},"13":{"type":"branch","line":31,"loc":{"start":{"line":31,"column":2},"end":{"line":34,"column":3}},"locations":[{"start":{"line":31,"column":2},"end":{"line":34,"column":3}}]}},"b":{"0":[19],"1":[9],"2":[1],"3":[18],"4":[9],"5":[2],"6":[17],"7":[7],"8":[2],"9":[5],"10":[2],"11":[2],"12":[1],"13":[1]},"fnMap":{"0":{"name":"EntryContainer","decl":{"start":{"line":10,"column":0},"end":{"line":54,"column":1}},"loc":{"start":{"line":10,"column":0},"end":{"line":54,"column":1}},"line":10},"1":{"name":"handleGuestEntry","decl":{"start":{"line":20,"column":2},"end":{"line":22,"column":3}},"loc":{"start":{"line":20,"column":2},"end":{"line":22,"column":3}},"line":20},"2":{"name":"handleRenameGuest","decl":{"start":{"line":24,"column":2},"end":{"line":29,"column":3}},"loc":{"start":{"line":24,"column":2},"end":{"line":29,"column":3}},"line":24},"3":{"name":"handleLogout","decl":{"start":{"line":31,"column":2},"end":{"line":34,"column":3}},"loc":{"start":{"line":31,"column":2},"end":{"line":34,"column":3}},"line":31}},"f":{"0":19,"1":2,"2":2,"3":1}}
,"/Users/Goku/Desktop/Code/Personal-Library/ECE493/ECE493proj/frontend/src/containers/HistoryContainer.tsx": {"path":"/Users/Goku/Desktop/Code/Personal-Library/ECE493/ECE493proj/frontend/src/containers/HistoryContainer.tsx","all":false,"statementMap":{"0":{"start":{"line":1,"column":0},"end":{"line":1,"column":44}},"2":{"start":{"line":3,"column":0},"end":{"line":3,"column":54}},"3":{"start":{"line":4,"column":0},"end":{"line":4,"column":51}},"7":{"start":{"line":8,"column":0},"end":{"line":8,"column":44}},"8":{"start":{"line":9,"column":0},"end":{"line":9,"column":81}},"9":{"start":{"line":10,"column":0},"end":{"line":10,"column":89}},"10":{"start":{"line":11,"column":0},"end":{"line":11,"column":72}},"12":{"start":{"line":13,"column":0},"end":{"line":13,"column":19}},"13":{"start":{"line":14,"column":0},"end":{"line":14,"column":22}},"15":{"start":{"line":16,"column":0},"end":{"line":16,"column":16}},"16":{"start":{"line":17,"column":0},"end":{"line":17,"column":26}},"17":{"start":{"line":18,"column":0},"end":{"line":18,"column":22}},"18":{"start":{"line":19,"column":0},"end":{"line":19,"column":17}},"19":{"start":{"line":20,"column":0},"end":{"line":20,"column":9}},"20":{"start":{"line":21,"column":0},"end":{"line":21,"column":56}},"21":{"start":{"line":22,"column":0},"end":{"line":22,"column":64}},"22":{"start":{"line":23,"column":0},"end":{"line":23,"column":8}},"23":{"start":{"line":24,"column":0},"end":{"line":24,"column":25}},"24":{"start":{"line":25,"column":0},"end":{"line":25,"column":22}},"25":{"start":{"line":26,"column":0},"end":{"line":26,"column":17}},"26":{"start":{"line":27,"column":0},"end":{"line":27,"column":9}},"27":{"start":{"line":28,"column":0},"end":{"line":28,"column":92}},"28":{"start":{"line":29,"column":0},"end":{"line":29,"column":9}},"30":{"start":{"line":31,"column":0},"end":{"line":31,"column":18}},"31":{"start":{"line":32,"column":0},"end":{"line":32,"column":21}},"32":{"start":{"line":33,"column":0},"end":{"line":33,"column":6}},"33":{"start":{"line":34,"column":0},"end":{"line":34,"column":9}},"35":{"start":{"line":36,"column":0},"end":{"line":36,"column":21}},"36":{"start":{"line":37,"column":0},"end":{"line":37,"column":69}},"37":{"start":{"line":38,"column":0},"end":{"line":38,"column":3}},"39":{"start":{"line":40,"column":0},"end":{"line":40,"column":10}},"40":{"start":{"line":41,"column":0},"end":{"line":41,"column":17}},"41":{"start":{"line":42,"column":0},"end":{"line":42,"column":43}},"42":{"start":{"line":43,"column":0},"end":{"line":43,"column":51}},"43":{"start":{"line":44,"column":0},"end":{"line":44,"column":6}},"45":{"start":{"line":46,"column":0},"end":{"line":46,"column":1}}},"s":{"0":1,"2":1,"3":1,"7":11,"8":11,"9":11,"10":11,"12":11,"13":7,"15":7,"16":7,"17":3,"18":1,"19":1,"20":2,"21":2,"22":7,"23":7,"24":4,"25":1,"26":1,"27":4,"28":7,"30":7,"31":3,"32":3,"33":11,"35":11,"36":3,"37":3,"39":8,"40":8,"41":8,"42":8,"43":8,"45":8},"branchMap":{"0":{"type":"branch","line":8,"loc":{"start":{"line":8,"column":0},"end":{"line":46,"column":1}},"locations":[{"start":{"line":8,"column":0},"end":{"line":46,"column":1}}]},"1":{"type":"branch","line":36,"loc":{"start":{"line":36,"column":20},"end":{"line":46,"column":1}},"locations":[{"start":{"line":36,"column":20},"end":{"line":46,"column":1}}]},"2":{"type":"branch","line":36,"loc":{"start":{"line":36,"column":20},"end":{"line":38,"column":3}},"locations":[{"start":{"line":36,"column":20},"end":{"line":38,"column":3}}]},"3":{"type":"branch","line":38,"loc":{"start":{"line":38,"column":2},"end":{"line":46,"column":1}},"locations":[{"start":{"line":38,"column":2},"end":{"line":46,"column":1}}]},"4":{"type":"branch","line":13,"loc":{"start":{"line":13,"column":12},"end":{"line":34,"column":5}},"locations":[{"start":{"line":13,"column":12},"end":{"line":34,"column":5}}]},"5":{"type":"branch","line":17,"loc":{"start":{"line":17,"column":12},"end":{"line":23,"column":7}},"locations":[{"start":{"line":17,"column":12},"end":{"line":23,"column":7}}]},"6":{"type":"branch","line":18,"loc":{"start":{"line":18,"column":21},"end":{"line":22,"column":64}},"locations":[{"start":{"line":18,"column":21},"end":{"line":22,"column":64}}]},"7":{"type":"branch","line":18,"loc":{"start":{"line":18,"column":21},"end":{"line":20,"column":9}},"locations":[{"start":{"line":18,"column":21},"end":{"line":20,"column":9}}]},"8":{"type":"branch","line":24,"loc":{"start":{"line":24,"column":13},"end":{"line":29,"column":7}},"locations":[{"start":{"line":24,"column":13},"end":{"line":29,"column":7}}]},"9":{"type":"branch","line":25,"loc":{"start":{"line":25,"column":21},"end":{"line":28,"column":49}},"locations":[{"start":{"line":25,"column":21},"end":{"line":28,"column":49}}]},"10":{"type":"branch","line":25,"loc":{"start":{"line":25,"column":21},"end":{"line":27,"column":9}},"locations":[{"start":{"line":25,"column":21},"end":{"line":27,"column":9}}]},"11":{"type":"branch","line":28,"loc":{"start":{"line":28,"column":41},"end":{"line":28,"column":65}},"locations":[{"start":{"line":28,"column":41},"end":{"line":28,"column":65}}]},"12":{"type":"branch","line":28,"loc":{"start":{"line":28,"column":55},"end":{"line":28,"column":90}},"locations":[{"start":{"line":28,"column":55},"end":{"line":28,"column":90}}]},"13":{"type":"branch","line":31,"loc":{"start":{"line":31,"column":11},"end":{"line":33,"column":6}},"locations":[{"start":{"line":31,"column":11},"end":{"line":33,"column":6}}]}},"b":{"0":[11],"1":[10],"2":[3],"3":[8],"4":[7],"5":[3],"6":[2],"7":[1],"8":[4],"9":[3],"10":[1],"11":[2],"12":[1],"13":[3]},"fnMap":{"0":{"name":"HistoryContainer","decl":{"start":{"line":8,"column":0},"end":{"line":46,"column":1}},"loc":{"start":{"line":8,"column":0},"end":{"line":46,"column":1}},"line":8}},"f":{"0":11}}
,"/Users/Goku/Desktop/Code/Personal-Library/ECE493/ECE493proj/frontend/src/containers/LobbyContainer.tsx": {"path":"/Users/Goku/Desktop/Code/Personal-Library/ECE493/ECE493proj/frontend/src/containers/LobbyContainer.tsx","all":false,"statementMap":{"0":{"start":{"line":1,"column":0},"end":{"line":1,"column":33}},"2":{"start":{"line":3,"column":0},"end":{"line":3,"column":54}},"3":{"start":{"line":4,"column":0},"end":{"line":4,"column":50}},"4":{"start":{"line":5,"column":0},"end":{"line":5,"column":53}},"5":{"start":{"line":6,"column":0},"end":{"line":6,"column":54}},"13":{"start":{"line":14,"column":0},"end":{"line":14,"column":74}},"14":{"start":{"line":15,"column":0},"end":{"line":15,"column":9}},"15":{"start":{"line":16,"column":0},"end":{"line":16,"column":9}},"16":{"start":{"line":17,"column":0},"end":{"line":17,"column":18}},"17":{"start":{"line":18,"column":0},"end":{"line":18,"column":17}},"18":{"start":{"line":19,"column":0},"end":{"line":19,"column":20}},"19":{"start":{"line":20,"column":0},"end":{"line":20,"column":21}},"20":{"start":{"line":21,"column":0},"end":{"line":21,"column":15}},"21":{"start":{"line":22,"column":0},"end":{"line":22,"column":13}},"22":{"start":{"line":23,"column":0},"end":{"line":23,"column":14}},"23":{"start":{"line":24,"column":0},"end":{"line":24,"column":21}},"24":{"start":{"line":25,"column":0},"end":{"line":25,"column":53}},"26":{"start":{"line":27,"column":0},"end":{"line":27,"column":37}},"27":{"start":{"line":28,"column":0},"end":{"line":28,"column":9}},"28":{"start":{"line":29,"column":0},"end":{"line":29,"column":25}},"29":{"start":{"line":30,"column":0},"end":{"line":30,"column":21}},"30":{"start":{"line":31,"column":0},"end":{"line":31,"column":89}},"31":{"start":{"line":32,"column":0},"end":{"line":32,"column":5}},"32":{"start":{"line":33,"column":0},"end":{"line":33,"column":3}},"34":{"start":{"line":35,"column":0},"end":{"line":35,"column":35}},"35":{"start":{"line":36,"column":0},"end":{"line":36,"column":30}},"36":{"start":{"line":37,"column":0},"end":{"line":37,"column":45}},"37":{"start":{"line":38,"column":0},"end":{"line":38,"column":13}},"38":{"start":{"line":39,"column":0},"end":{"line":39,"column":5}},"40":{"start":{"line":41,"column":0},"end":{"line":41,"column":9}},"41":{"start":{"line":42,"column":0},"end":{"line":42,"column":41}},"42":{"start":{"line":43,"column":0},"end":{"line":43,"column":21}},"43":{"start":{"line":44,"column":0},"end":{"line":44,"column":87}},"44":{"start":{"line":45,"column":0},"end":{"line":45,"column":5}},"45":{"start":{"line":46,"column":0},"end":{"line":46,"column":3}},"47":{"start":{"line":48,"column":0},"end":{"line":48,"column":36}},"48":{"start":{"line":49,"column":0},"end":{"line":49,"column":9}},"49":{"start":{"line":50,"column":0},"end":{"line":50,"column":24}},"50":{"start":{"line":51,"column":0},"end":{"line":51,"column":21}},"51":{"start":{"line":52,"column":0},"end":{"line":52,"column":88}},"52":{"start":{"line":53,"column":0},"end":{"line":53,"column":5}},"53":{"start":{"line":54,"column":0},"end":{"line":54,"column":3}},"55":{"start":{"line":56,"column":0},"end":{"line":56,"column":40}},"56":{"start":{"line":57,"column":0},"end":{"line":57,"column":16}},"57":{"start":{"line":58,"column":0},"end":{"line":58,"column":13}},"58":{"start":{"line":59,"column":0},"end":{"line":59,"column":5}},"59":{"start":{"line":60,"column":0},"end":{"line":60,"column":9}},"60":{"start":{"line":61,"column":0},"end":{"line":61,"column":71}},"61":{"start":{"line":62,"column":0},"end":{"line":62,"column":41}},"62":{"start":{"line":63,"column":0},"end":{"line":63,"column":21}},"63":{"start":{"line":64,"column":0},"end":{"line":64,"column":92}},"64":{"start":{"line":65,"column":0},"end":{"line":65,"column":5}},"65":{"start":{"line":66,"column":0},"end":{"line":66,"column":3}},"67":{"start":{"line":68,"column":0},"end":{"line":68,"column":30}},"68":{"start":{"line":69,"column":0},"end":{"line":69,"column":12}},"69":{"start":{"line":70,"column":0},"end":{"line":70,"column":25}},"70":{"start":{"line":71,"column":0},"end":{"line":71,"column":26}},"71":{"start":{"line":72,"column":0},"end":{"line":72,"column":28}},"72":{"start":{"line":73,"column":0},"end":{"line":73,"column":38}},"73":{"start":{"line":74,"column":0},"end":{"line":74,"column":8}},"75":{"start":{"line":76,"column":0},"end":{"line":76,"column":3}},"77":{"start":{"line":78,"column":0},"end":{"line":78,"column":10}},"78":{"start":{"line":79,"column":0},"end":{"line":79,"column":15}},"79":{"start":{"line":80,"column":0},"end":{"line":80,"column":23}},"80":{"start":{"line":81,"column":0},"end":{"line":81,"column":17}},"81":{"start":{"line":82,"column":0},"end":{"line":82,"column":31}},"82":{"start":{"line":83,"column":0},"end":{"line":83,"column":33}},"83":{"start":{"line":84,"column":0},"end":{"line":84,"column":42}},"84":{"start":{"line":85,"column":0},"end":{"line":85,"column":37}},"85":{"start":{"line":86,"column":0},"end":{"line":86,"column":33}},"86":{"start":{"line":87,"column":0},"end":{"line":87,"column":35}},"87":{"start":{"line":88,"column":0},"end":{"line":88,"column":43}},"88":{"start":{"line":89,"column":0},"end":{"line":89,"column":6}},"90":{"start":{"line":91,"column":0},"end":{"line":91,"column":1}}},"s":{"0":1,"2":1,"3":1,"4":1,"5":1,"13":20,"14":20,"15":20,"16":20,"17":20,"18":20,"19":20,"20":20,"21":20,"22":20,"23":20,"24":20,"26":20,"27":4,"28":4,"29":2,"30":2,"31":2,"32":4,"34":20,"35":4,"36":1,"37":1,"38":1,"40":3,"41":3,"42":4,"43":2,"44":2,"45":4,"47":20,"48":3,"49":3,"50":3,"51":2,"52":2,"53":3,"55":20,"56":4,"57":1,"58":1,"59":3,"60":3,"61":1,"62":3,"63":2,"64":2,"65":4,"67":20,"68":2,"69":2,"70":2,"71":2,"72":2,"73":2,"75":2,"77":18,"78":18,"79":18,"80":18,"81":18,"82":18,"83":18,"84":18,"85":18,"86":18,"87":18,"88":18,"90":18},"branchMap":{"0":{"type":"branch","line":14,"loc":{"start":{"line":14,"column":0},"end":{"line":91,"column":1}},"locations":[{"start":{"line":14,"column":0},"end":{"line":91,"column":1}}]},"1":{"type":"branch","line":68,"loc":{"start":{"line":68,"column":6},"end":{"line":68,"column":29}},"locations":[{"start":{"line":68,"column":6},"end":{"line":68,"column":29}}]},"2":{"type":"branch","line":68,"loc":{"start":{"line":68,"column":29},"end":{"line":76,"column":3}},"locations":[{"start":{"line":68,"column":29},"end":{"line":76,"column":3}}]},"3":{"type":"branch","line":76,"loc":{"start":{"line":76,"column":2},"end":{"line":91,"column":1}},"locations":[{"start":{"line":76,"column":2},"end":{"line":91,"column":1}}]},"4":{"type":"branch","line":27,"loc":{"start":{"line":27,"column":2},"end":{"line":33,"column":3}},"locations":[{"start":{"line":27,"column":2},"end":{"line":33,"column":3}}]},"5":{"type":"branch","line":29,"loc":{"start":{"line":29,"column":23},"end":{"line":32,"column":5}},"locations":[{"start":{"line":29,"column":23},"end":{"line":32,"column":5}}]},"6":{"type":"branch","line":31,"loc":{"start":{"line":31,"column":39},"end":{"line":31,"column":63}},"locations":[{"start":{"line":31,"column":39},"end":{"line":31,"column":63}}]},"7":{"type":"branch","line":31,"loc":{"start":{"line":31,"column":53},"end":{"line":31,"column":87}},"locations":[{"start":{"line":31,"column":53},"end":{"line":31,"column":87}}]},"8":{"type":"branch","line":35,"loc":{"start":{"line":35,"column":2},"end":{"line":46,"column":3}},"locations":[{"start":{"line":35,"column":2},"end":{"line":46,"column":3}}]},"9":{"type":"branch","line":36,"loc":{"start":{"line":36,"column":29},"end":{"line":39,"column":5}},"locations":[{"start":{"line":36,"column":29},"end":{"line":39,"column":5}}]},"10":{"type":"branch","line":39,"loc":{"start":{"line":39,"column":4},"end":{"line":42,"column":41}},"locations":[{"start":{"line":39,"column":4},"end":{"line":42,"column":41}}]},"11":{"type":"branch","line":42,"loc":{"start":{"line":42,"column":39},"end":{"line":43,"column":13}},"locations":[{"start":{"line":42,"column":39},"end":{"line":43,"column":13}}]},"12":{"type":"branch","line":43,"loc":{"start":{"line":43,"column":4},"end":{"line":45,"column":5}},"locations":[{"start":{"line":43,"column":4},"end":{"line":45,"column":5}}]},"13":{"type":"branch","line":44,"loc":{"start":{"line":44,"column":39},"end":{"line":44,"column":63}},"locations":[{"start":{"line":44,"column":39},"end":{"line":44,"column":63}}]},"14":{"type":"branch","line":44,"loc":{"start":{"line":44,"column":53},"end":{"line":44,"column":85}},"locations":[{"start":{"line":44,"column":53},"end":{"line":44,"column":85}}]},"15":{"type":"branch","line":48,"loc":{"start":{"line":48,"column":2},"end":{"line":54,"column":3}},"locations":[{"start":{"line":48,"column":2},"end":{"line":54,"column":3}}]},"16":{"type":"branch","line":50,"loc":{"start":{"line":50,"column":22},"end":{"line":51,"column":13}},"locations":[{"start":{"line":50,"column":22},"end":{"line":51,"column":13}}]},"17":{"type":"branch","line":51,"loc":{"start":{"line":51,"column":4},"end":{"line":53,"column":5}},"locations":[{"start":{"line":51,"column":4},"end":{"line":53,"column":5}}]},"18":{"type":"branch","line":52,"loc":{"start":{"line":52,"column":39},"end":{"line":52,"column":63}},"locations":[{"start":{"line":52,"column":39},"end":{"line":52,"column":63}}]},"19":{"type":"branch","line":52,"loc":{"start":{"line":52,"column":53},"end":{"line":52,"column":86}},"locations":[{"start":{"line":52,"column":53},"end":{"line":52,"column":86}}]},"20":{"type":"branch","line":56,"loc":{"start":{"line":56,"column":2},"end":{"line":66,"column":3}},"locations":[{"start":{"line":56,"column":2},"end":{"line":66,"column":3}}]},"21":{"type":"branch","line":57,"loc":{"start":{"line":57,"column":15},"end":{"line":59,"column":5}},"locations":[{"start":{"line":57,"column":15},"end":{"line":59,"column":5}}]},"22":{"type":"branch","line":59,"loc":{"start":{"line":59,"column":4},"end":{"line":65,"column":5}},"locations":[{"start":{"line":59,"column":4},"end":{"line":65,"column":5}}]},"23":{"type":"branch","line":61,"loc":{"start":{"line":61,"column":69},"end":{"line":63,"column":13}},"locations":[{"start":{"line":61,"column":69},"end":{"line":63,"column":13}}]},"24":{"type":"branch","line":63,"loc":{"start":{"line":63,"column":4},"end":{"line":65,"column":5}},"locations":[{"start":{"line":63,"column":4},"end":{"line":65,"column":5}}]},"25":{"type":"branch","line":64,"loc":{"start":{"line":64,"column":39},"end":{"line":64,"column":63}},"locations":[{"start":{"line":64,"column":39},"end":{"line":64,"column":63}}]},"26":{"type":"branch","line":64,"loc":{"start":{"line":64,"column":53},"end":{"line":64,"column":90}},"locations":[{"start":{"line":64,"column":53},"end":{"line":64,"column":90}}]}},"b":{"0":[20],"1":[10],"2":[2],"3":[18],"4":[4],"5":[2],"6":[1],"7":[1],"8":[4],"9":[1],"10":[3],"11":[1],"12":[2],"13":[1],"14":[1],"15":[3],"16":[1],"17":[2],"18":[1],"19":[1],"20":[4],"21":[1],"22":[3],"23":[1],"24":[2],"25":[1],"26":[1]},"fnMap":{"0":{"name":"LobbyContainer","decl":{"start":{"line":14,"column":0},"end":{"line":91,"column":1}},"loc":{"start":{"line":14,"column":0},"end":{"line":91,"column":1}},"line":14},"1":{"name":"handleCreateRoom","decl":{"start":{"line":27,"column":2},"end":{"line":33,"column":3}},"loc":{"start":{"line":27,"column":2},"end":{"line":33,"column":3}},"line":27},"2":{"name":"handleJoinRoom","decl":{"start":{"line":35,"column":2},"end":{"line":46,"column":3}},"loc":{"start":{"line":35,"column":2},"end":{"line":46,"column":3}},"line":35},"3":{"name":"handleLeaveRoom","decl":{"start":{"line":48,"column":2},"end":{"line":54,"column":3}},"loc":{"start":{"line":48,"column":2},"end":{"line":54,"column":3}},"line":48},"4":{"name":"handleStartGameplay","decl":{"start":{"line":56,"column":2},"end":{"line":66,"column":3}},"loc":{"start":{"line":56,"column":2},"end":{"line":66,"column":3}},"line":56}},"f":{"0":20,"1":4,"2":4,"3":3,"4":4}}
,"/Users/Goku/Desktop/Code/Personal-Library/ECE493/ECE493proj/frontend/src/containers/ResultsContainer.tsx": {"path":"/Users/Goku/Desktop/Code/Personal-Library/ECE493/ECE493proj/frontend/src/containers/ResultsContainer.tsx","all":false,"statementMap":{"0":{"start":{"line":1,"column":0},"end":{"line":1,"column":33}},"2":{"start":{"line":3,"column":0},"end":{"line":3,"column":54}},"4":{"start":{"line":5,"column":0},"end":{"line":5,"column":58}},"13":{"start":{"line":14,"column":0},"end":{"line":14,"column":94}},"14":{"start":{"line":15,"column":0},"end":{"line":15,"column":86}},"16":{"start":{"line":17,"column":0},"end":{"line":17,"column":10}},"17":{"start":{"line":18,"column":0},"end":{"line":18,"column":6}},"18":{"start":{"line":19,"column":0},"end":{"line":19,"column":70}},"19":{"start":{"line":20,"column":0},"end":{"line":20,"column":74}},"20":{"start":{"line":21,"column":0},"end":{"line":21,"column":7}},"22":{"start":{"line":23,"column":0},"end":{"line":23,"column":1}}},"s":{"0":1,"2":1,"4":1,"13":5,"14":5,"16":5,"17":5,"18":5,"19":5,"20":5,"22":5},"branchMap":{"0":{"type":"branch","line":14,"loc":{"start":{"line":14,"column":0},"end":{"line":23,"column":1}},"locations":[{"start":{"line":14,"column":0},"end":{"line":23,"column":1}}]}},"b":{"0":[5]},"fnMap":{"0":{"name":"ResultsContainer","decl":{"start":{"line":14,"column":0},"end":{"line":23,"column":1}},"loc":{"start":{"line":14,"column":0},"end":{"line":23,"column":1}},"line":14}},"f":{"0":5}}
,"/Users/Goku/Desktop/Code/Personal-Library/ECE493/ECE493proj/frontend/src/containers/SocialPanelContainer.tsx": {"path":"/Users/Goku/Desktop/Code/Personal-Library/ECE493/ECE493proj/frontend/src/containers/SocialPanelContainer.tsx","all":false,"statementMap":{"0":{"start":{"line":1,"column":0},"end":{"line":1,"column":44}},"2":{"start":{"line":3,"column":0},"end":{"line":3,"column":52}},"3":{"start":{"line":4,"column":0},"end":{"line":4,"column":80}},"4":{"start":{"line":5,"column":0},"end":{"line":5,"column":62}},"13":{"start":{"line":14,"column":0},"end":{"line":14,"column":46}},"14":{"start":{"line":15,"column":0},"end":{"line":15,"column":10}},"15":{"start":{"line":16,"column":0},"end":{"line":16,"column":16}},"16":{"start":{"line":17,"column":0},"end":{"line":17,"column":31}},"17":{"start":{"line":18,"column":0},"end":{"line":18,"column":64}},"18":{"start":{"line":19,"column":0},"end":{"line":19,"column":23}},"19":{"start":{"line":20,"column":0},"end":{"line":20,"column":21}},"20":{"start":{"line":21,"column":0},"end":{"line":21,"column":28}},"21":{"start":{"line":22,"column":0},"end":{"line":22,"column":24}},"22":{"start":{"line":23,"column":0},"end":{"line":23,"column":5}},"23":{"start":{"line":24,"column":0},"end":{"line":24,"column":72}},"25":{"start":{"line":26,"column":0},"end":{"line":26,"column":19}},"26":{"start":{"line":27,"column":0},"end":{"line":27,"column":22}},"28":{"start":{"line":29,"column":0},"end":{"line":29,"column":27}},"29":{"start":{"line":30,"column":0},"end":{"line":30,"column":24}},"30":{"start":{"line":31,"column":0},"end":{"line":31,"column":21}},"31":{"start":{"line":32,"column":0},"end":{"line":32,"column":27}},"32":{"start":{"line":33,"column":0},"end":{"line":33,"column":32}},"33":{"start":{"line":34,"column":0},"end":{"line":34,"column":33}},"34":{"start":{"line":35,"column":0},"end":{"line":35,"column":9}},"35":{"start":{"line":36,"column":0},"end":{"line":36,"column":8}},"36":{"start":{"line":37,"column":0},"end":{"line":37,"column":25}},"37":{"start":{"line":38,"column":0},"end":{"line":38,"column":21}},"38":{"start":{"line":39,"column":0},"end":{"line":39,"column":99}},"39":{"start":{"line":40,"column":0},"end":{"line":40,"column":9}},"40":{"start":{"line":41,"column":0},"end":{"line":41,"column":9}},"42":{"start":{"line":43,"column":0},"end":{"line":43,"column":18}},"43":{"start":{"line":44,"column":0},"end":{"line":44,"column":21}},"44":{"start":{"line":45,"column":0},"end":{"line":45,"column":6}},"45":{"start":{"line":46,"column":0},"end":{"line":46,"column":31}},"47":{"start":{"line":48,"column":0},"end":{"line":48,"column":19}},"48":{"start":{"line":49,"column":0},"end":{"line":49,"column":51}},"49":{"start":{"line":50,"column":0},"end":{"line":50,"column":58}},"50":{"start":{"line":51,"column":0},"end":{"line":51,"column":15}},"51":{"start":{"line":52,"column":0},"end":{"line":52,"column":7}},"53":{"start":{"line":54,"column":0},"end":{"line":54,"column":29}},"54":{"start":{"line":55,"column":0},"end":{"line":55,"column":26}},"55":{"start":{"line":56,"column":0},"end":{"line":56,"column":27}},"56":{"start":{"line":57,"column":0},"end":{"line":57,"column":32}},"57":{"start":{"line":58,"column":0},"end":{"line":58,"column":33}},"58":{"start":{"line":59,"column":0},"end":{"line":59,"column":10}},"59":{"start":{"line":60,"column":0},"end":{"line":60,"column":27}},"60":{"start":{"line":61,"column":0},"end":{"line":61,"column":99}},"61":{"start":{"line":62,"column":0},"end":{"line":62,"column":11}},"62":{"start":{"line":63,"column":0},"end":{"line":63,"column":7}},"63":{"start":{"line":64,"column":0},"end":{"line":64,"column":31}},"65":{"start":{"line":66,"column":0},"end":{"line":66,"column":34}},"66":{"start":{"line":67,"column":0},"end":{"line":67,"column":63}},"67":{"start":{"line":68,"column":0},"end":{"line":68,"column":32}},"68":{"start":{"line":69,"column":0},"end":{"line":69,"column":27}},"69":{"start":{"line":70,"column":0},"end":{"line":70,"column":5}},"70":{"start":{"line":71,"column":0},"end":{"line":71,"column":114}},"71":{"start":{"line":72,"column":0},"end":{"line":72,"column":26}},"72":{"start":{"line":73,"column":0},"end":{"line":73,"column":26}},"73":{"start":{"line":74,"column":0},"end":{"line":74,"column":32}},"74":{"start":{"line":75,"column":0},"end":{"line":75,"column":3}},"76":{"start":{"line":77,"column":0},"end":{"line":77,"column":21}},"77":{"start":{"line":78,"column":0},"end":{"line":78,"column":69}},"78":{"start":{"line":79,"column":0},"end":{"line":79,"column":3}},"80":{"start":{"line":81,"column":0},"end":{"line":81,"column":10}},"81":{"start":{"line":82,"column":0},"end":{"line":82,"column":16}},"82":{"start":{"line":83,"column":0},"end":{"line":83,"column":21}},"83":{"start":{"line":84,"column":0},"end":{"line":84,"column":91}},"84":{"start":{"line":85,"column":0},"end":{"line":85,"column":63}},"85":{"start":{"line":86,"column":0},"end":{"line":86,"column":69}},"86":{"start":{"line":87,"column":0},"end":{"line":87,"column":6}},"88":{"start":{"line":89,"column":0},"end":{"line":89,"column":1}}},"s":{"0":1,"2":1,"3":1,"4":1,"13":29,"14":29,"15":29,"16":29,"17":29,"18":29,"19":29,"20":29,"21":29,"22":29,"23":29,"25":29,"26":12,"28":12,"29":12,"30":9,"31":8,"32":8,"33":8,"34":8,"35":12,"36":12,"37":3,"38":3,"39":3,"40":12,"42":12,"43":2,"44":2,"45":29,"47":29,"48":12,"49":5,"50":1,"51":1,"53":4,"54":4,"55":2,"56":2,"57":2,"58":4,"59":4,"60":2,"61":4,"62":12,"63":29,"65":29,"66":3,"67":3,"68":3,"69":3,"70":3,"71":3,"72":3,"73":3,"74":3,"76":29,"77":5,"78":5,"80":24,"81":24,"82":24,"83":24,"84":24,"85":24,"86":24,"88":24},"branchMap":{"0":{"type":"branch","line":14,"loc":{"start":{"line":14,"column":0},"end":{"line":89,"column":1}},"locations":[{"start":{"line":14,"column":0},"end":{"line":89,"column":1}}]},"1":{"type":"branch","line":77,"loc":{"start":{"line":77,"column":20},"end":{"line":89,"column":1}},"locations":[{"start":{"line":77,"column":20},"end":{"line":89,"column":1}}]},"2":{"type":"branch","line":77,"loc":{"start":{"line":77,"column":20},"end":{"line":79,"column":3}},"locations":[{"start":{"line":77,"column":20},"end":{"line":79,"column":3}}]},"3":{"type":"branch","line":79,"loc":{"start":{"line":79,"column":2},"end":{"line":89,"column":1}},"locations":[{"start":{"line":79,"column":2},"e
[...]
n":69}},"140":{"start":{"line":141,"column":0},"end":{"line":141,"column":3}},"142":{"start":{"line":143,"column":0},"end":{"line":143,"column":73}},"143":{"start":{"line":144,"column":0},"end":{"line":144,"column":26}},"144":{"start":{"line":145,"column":0},"end":{"line":145,"column":1}},"146":{"start":{"line":147,"column":0},"end":{"line":147,"column":45}},"149":{"start":{"line":150,"column":0},"end":{"line":150,"column":4}},"150":{"start":{"line":151,"column":0},"end":{"line":151,"column":33}},"152":{"start":{"line":153,"column":0},"end":{"line":153,"column":19}},"153":{"start":{"line":154,"column":0},"end":{"line":154,"column":18}},"154":{"start":{"line":155,"column":0},"end":{"line":155,"column":5}},"155":{"start":{"line":156,"column":0},"end":{"line":156,"column":25}},"156":{"start":{"line":157,"column":0},"end":{"line":157,"column":1}},"158":{"start":{"line":159,"column":0},"end":{"line":159,"column":88}},"159":{"start":{"line":160,"column":0},"end":{"line":160,"column":31}},"160":{"start":{"line":161,"column":0},"end":{"line":161,"column":75}},"161":{"start":{"line":162,"column":0},"end":{"line":162,"column":5}},"162":{"start":{"line":163,"column":0},"end":{"line":163,"column":29}},"163":{"start":{"line":164,"column":0},"end":{"line":164,"column":6}},"164":{"start":{"line":165,"column":0},"end":{"line":165,"column":4}},"165":{"start":{"line":166,"column":0},"end":{"line":166,"column":21}},"166":{"start":{"line":167,"column":0},"end":{"line":167,"column":69}},"167":{"start":{"line":168,"column":0},"end":{"line":168,"column":3}},"168":{"start":{"line":169,"column":0},"end":{"line":169,"column":80}},"169":{"start":{"line":170,"column":0},"end":{"line":170,"column":24}},"170":{"start":{"line":171,"column":0},"end":{"line":171,"column":1}},"172":{"start":{"line":173,"column":0},"end":{"line":173,"column":46}},"173":{"start":{"line":174,"column":0},"end":{"line":174,"column":18}},"174":{"start":{"line":175,"column":0},"end":{"line":175,"column":61}},"175":{"start":{"line":176,"column":0},"end":{"line":176,"column":30}},"176":{"start":{"line":177,"column":0},"end":{"line":177,"column":25}},"177":{"start":{"line":178,"column":0},"end":{"line":178,"column":36}},"178":{"start":{"line":179,"column":0},"end":{"line":179,"column":88}},"179":{"start":{"line":180,"column":0},"end":{"line":180,"column":19}},"180":{"start":{"line":181,"column":0},"end":{"line":181,"column":26}},"181":{"start":{"line":182,"column":0},"end":{"line":182,"column":14}},"182":{"start":{"line":183,"column":0},"end":{"line":183,"column":22}},"183":{"start":{"line":184,"column":0},"end":{"line":184,"column":25}},"184":{"start":{"line":185,"column":0},"end":{"line":185,"column":20}},"185":{"start":{"line":186,"column":0},"end":{"line":186,"column":7}},"186":{"start":{"line":187,"column":0},"end":{"line":187,"column":5}},"187":{"start":{"line":188,"column":0},"end":{"line":188,"column":24}},"188":{"start":{"line":189,"column":0},"end":{"line":189,"column":1}}},"s":{"10":1,"12":27,"13":27,"14":27,"15":27,"16":27,"17":27,"18":27,"19":27,"20":27,"22":26,"23":1,"24":1,"26":24,"27":24,"29":4,"30":4,"32":3,"33":1,"34":1,"36":1,"37":1,"39":3,"40":3,"41":3,"42":3,"43":3,"45":3,"46":3,"48":8,"49":8,"50":8,"51":8,"53":7,"54":2,"55":2,"57":6,"58":1,"59":1,"61":3,"62":5,"63":8,"65":1,"66":1,"67":1,"68":1,"69":1,"71":1,"72":1,"74":1,"75":1,"76":1,"77":1,"78":1,"79":1,"81":1,"82":1,"83":1,"84":1,"86":5,"87":5,"88":5,"89":5,"90":5,"91":4,"92":4,"94":1,"95":1,"96":1,"97":1,"98":1,"99":1,"100":1,"102":1,"103":1,"104":1,"105":1,"106":1,"107":1,"108":1,"109":1,"110":1,"111":1,"112":1,"114":5,"115":5,"116":5,"117":5,"118":5,"119":5,"120":5,"122":2,"123":2,"124":2,"125":2,"126":2,"127":2,"128":2,"130":3,"131":3,"132":3,"133":3,"134":3,"135":3,"136":3,"138":3,"139":1,"140":1,"142":2,"143":2,"144":2,"146":5,"149":5,"150":5,"152":5,"153":5,"154":5,"155":3,"156":3,"158":5,"159":5,"160":5,"161":5,"162":5,"163":5,"164":5,"165":5,"166":1,"167":1,"168":3,"169":3,"170":3,"172":2,"173":2,"174":2,"175":2,"176":2,"177":2,"178":2,"179":2,"180":2,"181":2,"182":2,"183":2,"184":2,"185":2,"186":2,"187":2,"188":2},"branchMap":{"0":{"type":"branch","line":13,"loc":{"start":{"line":13,"column":0},"end":{"line":28,"column":1}},"locations":[{"start":{"line":13,"column":0},"end":{"line":28,"column":1}}]},"1":{"type":"branch","line":18,"loc":{"start":{"line":18,"column":10},"end":{"line":18,"column":27}},"locations":[{"start":{"line":18,"column":10},"end":{"line":18,"column":27}}]},"2":{"type":"branch","line":21,"loc":{"start":{"line":21,"column":3},"end":{"line":28,"column":1}},"locations":[{"start":{"line":21,"column":3},"end":{"line":28,"column":1}}]},"3":{"type":"branch","line":21,"loc":{"start":{"line":21,"column":3},"end":{"line":23,"column":20}},"locations":[{"start":{"line":21,"column":3},"end":{"line":23,"column":20}}]},"4":{"type":"branch","line":23,"loc":{"start":{"line":23,"column":20},"end":{"line":25,"column":3}},"locations":[{"start":{"line":23,"column":20},"end":{"line":25,"column":3}}]},"5":{"type":"branch","line":25,"loc":{"start":{"line":25,"column":2},"end":{"line":28,"column":1}},"locations":[{"start":{"line":25,"column":2},"end":{"line":28,"column":1}}]},"6":{"type":"branch","line":30,"loc":{"start":{"line":30,"column":0},"end":{"line":38,"column":1}},"locations":[{"start":{"line":30,"column":0},"end":{"line":38,"column":1}}]},"7":{"type":"branch","line":31,"loc":{"start":{"line":31,"column":56},"end":{"line":38,"column":1}},"locations":[{"start":{"line":31,"column":56},"end":{"line":38,"column":1}}]},"8":{"type":"branch","line":31,"loc":{"start":{"line":31,"column":56},"end":{"line":33,"column":20}},"locations":[{"start":{"line":31,"column":56},"end":{"line":33,"column":20}}]},"9":{"type":"branch","line":33,"loc":{"start":{"line":33,"column":20},"end":{"line":38,"column":1}},"locations":[{"start":{"line":33,"column":20},"end":{"line":38,"column":1}}]},"10":{"type":"branch","line":40,"loc":{"start":{"line":40,"column":0},"end":{"line":47,"column":1}},"locations":[{"start":{"line":40,"column":0},"end":{"line":47,"column":1}}]},"11":{"type":"branch","line":43,"loc":{"start":{"line":43,"column":25},"end":{"line":43,"column":57}},"locations":[{"start":{"line":43,"column":25},"end":{"line":43,"column":57}}]},"12":{"type":"branch","line":43,"loc":{"start":{"line":43,"column":53},"end":{"line":43,"column":59}},"locations":[{"start":{"line":43,"column":53},"end":{"line":43,"column":59}}]},"13":{"type":"branch","line":49,"loc":{"start":{"line":49,"column":0},"end":{"line":64,"column":1}},"locations":[{"start":{"line":49,"column":0},"end":{"line":64,"column":1}}]},"14":{"type":"branch","line":52,"loc":{"start":{"line":52,"column":3},"end":{"line":63,"column":33}},"locations":[{"start":{"line":52,"column":3},"end":{"line":63,"column":33}}]},"15":{"type":"branch","line":52,"loc":{"start":{"line":52,"column":3},"end":{"line":54,"column":31}},"locations":[{"start":{"line":52,"column":3},"end":{"line":54,"column":31}}]},"16":{"type":"branch","line":54,"loc":{"start":{"line":54,"column":31},"end":{"line":56,"column":3}},"locations":[{"start":{"line":54,"column":31},"end":{"line":56,"column":3}}]},"17":{"type":"branch","line":56,"loc":{"start":{"line":56,"column":2},"end":{"line":63,"column":33}},"locations":[{"start":{"line":56,"column":2},"end":{"line":63,"column":33}}]},"18":{"type":"branch","line":56,"loc":{"start":{"line":56,"column":2},"end":{"line":58,"column":20}},"locations":[{"start":{"line":56,"column":2},"end":{"line":58,"column":20}}]},"19":{"type":"branch","line":58,"loc":{"start":{"line":58,"column":20},"end":{"line":60,"column":3}},"locations":[{"start":{"line":58,"column":20},"end":{"line":60,"column":3}}]},"20":{"type":"branch","line":60,"loc":{"start":{"line":60,"column":2},"end":{"line":63,"column":33}},"locations":[{"start":{"line":60,"column":2},"end":{"line":63,"column":33}}]},"21":{"type":"branch","line":60,"loc":{"start":{"line":60,"column":2},"end":{"line":63,"column":28}},"locations":[{"start":{"line":60,"column":2},"end":{"line":63,"column":28}}]},"22":{"type":"branch","line":63,"loc":{"start":{"line":63,"column":17},"end":{"line":63,"column":33}},"locations":[{"start":{"line":63,"column":17},"end":{"line":63,"column":33}}]},"23":{"type":"branch","line":66,"loc":{"start":{"line":66,"column":0},"end":{"line":73,"column":1}},"locations":[{"start":{"line":66,"column":0},"end":{"line":73,"column":1}}]},"24":{"type":"branch","line":75,"loc":{"start":{"line":75,"column":0},"end":{"line":80,"column":1}},"locations":[{"start":{"line":75,"column":0},"end":{"line":80,"column":1}}]},"25":{"type":"branch","line":82,"loc":{"start":{"line":82,"column":0},"end":{"line":85,"column":1}},"locations":[{"start":{"line":82,"column":0},"end":{"line":85,"column":1}}]},"26":{"type":"branch","line":87,"loc":{"start":{"line":87,"column":0},"end":{"line":93,"column":1}},"locations":[{"start":{"line":87,"column":0},"end":{"line":93,"column":1}}]},"27":{"type":"branch","line":91,"loc":{"start":{"line":91,"column":3},"end":{"line":93,"column":1}},"locations":[{"start":{"line":91,"column":3},"end":{"line":93,"column":1}}]},"28":{"type":"branch","line":95,"loc":{"start":{"line":95,"column":0},"end":{"line":101,"column":1}},"locations":[{"start":{"line":95,"column":0},"end":{"line":101,"column":1}}]},"29":{"type":"branch","line":103,"loc":{"start":{"line":103,"column":0},"end":{"line":113,"column":1}},"locations":[{"start":{"line":103,"column":0},"end":{"line":113,"column":1}}]},"30":{"type":"branch","line":115,"loc":{"start":{"line":115,"column":0},"end":{"line":121,"column":1}},"locations":[{"start":{"line":115,"column":0},"end":{"line":121,"column":1}}]},"31":{"type":"branch","line":118,"loc":{"start":{"line":118,"column":25},"end":{"line":118,"column":53}},"locations":[{"start":{"line":118,"column":25},"end":{"line":118,"column":53}}]},"32":{"type":"branch","line":118,"loc":{"start":{"line":118,"column":49},"end":{"line":118,"column":61}},"locations":[{"start":{"line":118,"column":49},"end":{"line":118,"column":61}}]},"33":{"type":"branch","line":123,"loc":{"start":{"line":123,"column":0},"end":{"line":129,"column":1}},"locations":[{"start":{"line":123,"column":0},"end":{"line":129,"column":1}}]},"34":{"type":"branch","line":131,"loc":{"start":{"line":131,"column":0},"end":{"line":145,"column":1}},"locations":[{"start":{"line":131,"column":0},"end":{"line":145,"column":1}}]},"35":{"type":"branch","line":139,"loc":{"start":{"line":139,"column":20},"end":{"line":145,"column":1}},"locations":[{"start":{"line":139,"column":20},"end":{"line":145,"column":1}}]},"36":{"type":"branch","line":139,"loc":{"start":{"line":139,"column":20},"end":{"line":141,"column":3}},"locations":[{"start":{"line":139,"column":20},"end":{"line":141,"column":3}}]},"37":{"type":"branch","line":147,"loc":{"start":{"line":147,"column":0},"end":{"line":157,"column":1}},"locations":[{"start":{"line":147,"column":0},"end":{"line":157,"column":1}}]},"38":{"type":"branch","line":155,"loc":{"start":{"line":155,"column":3},"end":{"line":157,"column":1}},"locations":[{"start":{"line":155,"column":3},"end":{"line":157,"column":1}}]},"39":{"type":"branch","line":159,"loc":{"start":{"line":159,"column":0},"end":{"line":171,"column":1}},"locations":[{"start":{"line":159,"column":0},"end":{"line":171,"column":1}}]},"40":{"type":"branch","line":166,"loc":{"start":{"line":166,"column":20},"end":{"line":171,"column":1}},"locations":[{"start":{"line":166,"column":20},"end":{"line":171,"column":1}}]},"41":{"type":"branch","line":166,"loc":{"start":{"line":166,"column":20},"end":{"line":168,"column":3}},"locations":[{"start":{"line":166,"column":20},"end":{"line":168,"column":3}}]},"42":{"type":"branch","line":173,"loc":{"start":{"line":173,"column":0},"end":{"line":189,"column":1}},"locations":[{"start":{"line":173,"column":0},"end":{"line":189,"column":1}}]}},"b":{"0":[27],"1":[26],"2":[26],"3":[25],"4":[1],"5":[24],"6":[4],"7":[3],"8":[2],"9":[1],"10":[3],"11":[1],"12":[2],"13":[8],"14":[7],"15":[6],"16":[2],"17":[6],"18":[4],"19":[1],"20":[5],"21":[3],"22":[2],"23":[1],"24":[1],"25":[1],"26":[5],"27":[4],"28":[1],"29":[1],"30":[5],"31":[2],"32":[3],"33":[2],"34":[3],"35":[2],"36":[1],"37":[5],"38":[3],"39":[5],"40":[3],"41":[1],"42":[2]},"fnMap":{"0":{"name":"request","decl":{"start":{"line":13,"column":0},"end":{"line":28,"column":1}},"loc":{"start":{"line":13,"column":0},"end":{"line":28,"column":1}},"line":13},"1":{"name":"getHealth","decl":{"start":{"line":30,"column":0},"end":{"line":38,"column":1}},"loc":{"start":{"line":30,"column":0},"end":{"line":38,"column":1}},"line":30},"2":{"name":"createGuestSession","decl":{"start":{"line":40,"column":0},"end":{"line":47,"column":1}},"loc":{"start":{"line":40,"column":0},"end":{"line":47,"column":1}},"line":40},"3":{"name":"getCurrentSession","decl":{"start":{"line":49,"column":0},"end":{"line":64,"column":1}},"loc":{"start":{"line":49,"column":0},"end":{"line":64,"column":1}},"line":49},"4":{"name":"updateCurrentSession","decl":{"start":{"line":66,"column":0},"end":{"line":73,"column":1}},"loc":{"start":{"line":66,"column":0},"end":{"line":73,"column":1}},"line":66},"5":{"name":"logoutSession","decl":{"start":{"line":75,"column":0},"end":{"line":80,"column":1}},"loc":{"start":{"line":75,"column":0},"end":{"line":80,"column":1}},"line":75},"6":{"name":"getProfile","decl":{"start":{"line":82,"column":0},"end":{"line":85,"column":1}},"loc":{"start":{"line":82,"column":0},"end":{"line":85,"column":1}},"line":82},"7":{"name":"createRoom","decl":{"start":{"line":87,"column":0},"end":{"line":93,"column":1}},"loc":{"start":{"line":87,"column":0},"end":{"line":93,"column":1}},"line":87},"8":{"name":"joinRoom","decl":{"start":{"line":95,"column":0},"end":{"line":101,"column":1}},"loc":{"start":{"line":95,"column":0},"end":{"line":101,"column":1}},"line":95},"9":{"name":"leaveRoom","decl":{"start":{"line":103,"column":0},"end":{"line":113,"column":1}},"loc":{"start":{"line":103,"column":0},"end":{"line":113,"column":1}},"line":103},"10":{"name":"startGameplay","decl":{"start":{"line":115,"column":0},"end":{"line":121,"column":1}},"loc":{"start":{"line":115,"column":0},"end":{"line":121,"column":1}},"line":115},"11":{"name":"submitGameplayColor","decl":{"start":{"line":123,"column":0},"end":{"line":129,"column":1}},"loc":{"start":{"line":123,"column":0},"end":{"line":129,"column":1}},"line":123},"12":{"name":"getGameplayState","decl":{"start":{"line":131,"column":0},"end":{"line":145,"column":1}},"loc":{"start":{"line":131,"column":0},"end":{"line":145,"column":1}},"line":131},"13":{"name":"getHistory","decl":{"start":{"line":147,"column":0},"end":{"line":157,"column":1}},"loc":{"start":{"line":147,"column":0},"end":{"line":157,"column":1}},"line":147},"14":{"name":"getSocialState","decl":{"start":{"line":159,"column":0},"end":{"line":171,"column":1}},"loc":{"start":{"line":159,"column":0},"end":{"line":171,"column":1}},"line":159},"15":{"name":"submitSocialInteraction","decl":{"start":{"line":173,"column":0},"end":{"line":189,"column":1}},"loc":{"start":{"line":173,"column":0},"end":{"line":189,"column":1}},"line":173}},"f":{"0":27,"1":4,"2":3,"3":8,"4":1,"5":1,"6":1,"7":5,"8":1,"9":1,"10":5,"11":2,"12":3,"13":5,"14":5,"15":2}}
,"/Users/Goku/Desktop/Code/Personal-Library/ECE493/ECE493proj/frontend/src/services/realtimeClient.ts": {"path":"/Users/Goku/Desktop/Code/Personal-Library/ECE493/ECE493proj/frontend/src/services/realtimeClient.ts","all":false,"statementMap":{"2":{"start":{"line":3,"column":0},"end":{"line":3,"column":78}},"4":{"start":{"line":5,"column":0},"end":{"line":5,"column":30}},"5":{"start":{"line":6,"column":0},"end":{"line":6,"column":15}},"6":{"start":{"line":7,"column":0},"end":{"line":7,"column":44}},"7":{"start":{"line":8,"column":0},"end":{"line":8,"column":23}},"8":{"start":{"line":9,"column":0},"end":{"line":9,"column":3}},"9":{"start":{"line":10,"column":0},"end":{"line":10,"column":56}},"11":{"start":{"line":12,"column":0},"end":{"line":12,"column":49}},"12":{"start":{"line":13,"column":0},"end":{"line":13,"column":53}},"13":{"start":{"line":14,"column":0},"end":{"line":14,"column":5}},"15":{"start":{"line":16,"column":0},"end":{"line":16,"column":42}},"16":{"start":{"line":17,"column":0},"end":{"line":17,"column":16}},"17":{"start":{"line":18,"column":0},"end":{"line":18,"column":5}},"19":{"start":{"line":20,"column":0},"end":{"line":20,"column":16}},"20":{"start":{"line":21,"column":0},"end":{"line":21,"column":93}},"21":{"start":{"line":22,"column":0},"end":{"line":22,"column":21}},"22":{"start":{"line":23,"column":0},"end":{"line":23,"column":5}},"23":{"start":{"line":24,"column":0},"end":{"line":24,"column":4}},"24":{"start":{"line":25,"column":0},"end":{"line":25,"column":1}},"26":{"start":{"line":27,"column":0},"end":{"line":27,"column":32}},"27":{"start":{"line":28,"column":0},"end":{"line":28,"column":17}},"28":{"start":{"line":29,"column":0},"end":{"line":29,"column":52}},"29":{"start":{"line":30,"column":0},"end":{"line":30,"column":23}},"30":{"start":{"line":31,"column":0},"end":{"line":31,"column":3}},"31":{"start":{"line":32,"column":0},"end":{"line":32,"column":82}},"32":{"start":{"line":33,"column":0},"end":{"line":33,"column":1}},"34":{"start":{"line":35,"column":0},"end":{"line":35,"column":33}},"35":{"start":{"line":36,"column":0},"end":{"line":36,"column":18}},"36":{"start":{"line":37,"column":0},"end":{"line":37,"column":53}},"37":{"start":{"line":38,"column":0},"end":{"line":38,"column":23}},"38":{"start":{"line":39,"column":0},"end":{"line":39,"column":3}},"39":{"start":{"line":40,"column":0},"end":{"line":40,"column":86}},"40":{"start":{"line":41,"column":0},"end":{"line":41,"column":1}}},"s":{"2":1,"4":11,"5":11,"6":11,"7":11,"8":11,"9":11,"11":11,"12":4,"13":11,"15":11,"16":2,"17":11,"19":11,"20":2,"21":1,"22":1,"23":2,"24":11,"26":1,"27":4,"28":4,"29":4,"30":4,"31":4,"32":4,"34":1,"35":7,"36":7,"37":7,"38":7,"39":7,"40":7},"branchMap":{"0":{"type":"branch","line":5,"loc":{"start":{"line":5,"column":0},"end":{"line":25,"column":1}},"locations":[{"start":{"line":5,"column":0},"end":{"line":25,"column":1}}]},"1":{"type":"branch","line":12,"loc":{"start":{"line":12,"column":37},"end":{"line":14,"column":3}},"locations":[{"start":{"line":12,"column":37},"end":{"line":14,"column":3}}]},"2":{"type":"branch","line":16,"loc":{"start":{"line":16,"column":35},"end":{"line":18,"column":3}},"locations":[{"start":{"line":16,"column":35},"end":{"line":18,"column":3}}]},"3":{"type":"branch","line":20,"loc":{"start":{"line":20,"column":9},"end":{"line":24,"column":4}},"locations":[{"start":{"line":20,"column":9},"end":{"line":24,"column":4}}]},"4":{"type":"branch","line":21,"loc":{"start":{"line":21,"column":40},"end":{"line":21,"column":92}},"locations":[{"start":{"line":21,"column":40},"end":{"line":21,"column":92}}]},"5":{"type":"branch","line":21,"loc":{"start":{"line":21,"column":92},"end":{"line":23,"column":5}},"locations":[{"start":{"line":21,"column":92},"end":{"line":23,"column":5}}]},"6":{"type":"branch","line":27,"loc":{"start":{"line":27,"column":7},"end":{"line":33,"column":1}},"locations":[{"start":{"line":27,"column":7},"end":{"line":33,"column":1}}]},"7":{"type":"branch","line":35,"loc":{"start":{"line":35,"column":7},"end":{"line":41,"column":1}},"locations":[{"start":{"line":35,"column":7},"end":{"line":41,"column":1}}]}},"b":{"0":[11],"1":[4],"2":[2],"3":[2],"4":[1],"5":[1],"6":[4],"7":[7]},"fnMap":{"0":{"name":"connect","decl":{"start":{"line":5,"column":0},"end":{"line":25,"column":1}},"loc":{"start":{"line":5,"column":0},"end":{"line":25,"column":1}},"line":5},"1":{"name":"subscribeToRoom","decl":{"start":{"line":27,"column":7},"end":{"line":33,"column":1}},"loc":{"start":{"line":27,"column":7},"end":{"line":33,"column":1}},"line":27},"2":{"name":"subscribeToMatch","decl":{"start":{"line":35,"column":7},"end":{"line":41,"column":1}},"loc":{"start":{"line":35,"column":7},"end":{"line":41,"column":1}},"line":35}},"f":{"0":11,"1":4,"2":7}}
}
